-- Found ament_cmake: 1.3.11 (/opt/ros/humble/share/ament_cmake/cmake)
-- Configuring done
-- Generating done
-- Build files have been written to: /home/ninonick0426/Desktop/Quadcopter/Unreal_QuadSim/build/unreal_sim_config
-- Install configuration: ""
-- Up-to-date: /home/ninonick0426/Desktop/Quadcopter/Unreal_QuadSim/install/unreal_sim_config/share/unreal_sim_config//launch
-- Installing: /home/ninonick0426/Desktop/Quadcopter/Unreal_QuadSim/install/unreal_sim_config/share/unreal_sim_config//launch/unreal_sim.launch.py
-- Up-to-date: /home/ninonick0426/Desktop/Quadcopter/Unreal_QuadSim/install/unreal_sim_config/share/unreal_sim_config//params
-- Installing: /home/ninonick0426/Desktop/Quadcopter/Unreal_QuadSim/install/unreal_sim_config/share/unreal_sim_config//params/custom_multirotor_firmware.yaml
-- Up-to-date: /home/ninonick0426/Desktop/Quadcopter/Unreal_QuadSim/install/unreal_sim_config/share/unreal_sim_config//params/multirotor_dynamics.yaml
-- Installing: /home/ninonick0426/Desktop/Quadcopter/Unreal_QuadSim/install/unreal_sim_config/share/unreal_sim_config//params/custom_multirotor_complete.yaml
-- Up-to-date: /home/ninonick0426/Desktop/Quadcopter/Unreal_QuadSim/install/unreal_sim_config/share/unreal_sim_config//rosflight_memory
-- Up-to-date: /home/ninonick0426/Desktop/Quadcopter/Unreal_QuadSim/install/unreal_sim_config/share/unreal_sim_config//rosflight_memory/mem.bin
-- Installing: /home/ninonick0426/Desktop/Quadcopter/Unreal_QuadSim/install/unreal_sim_config/lib/unreal_sim_config/velocity_commander.py
-- Installing: /home/ninonick0426/Desktop/Quadcopter/Unreal_QuadSim/install/unreal_sim_config/lib/unreal_sim_config/unreal_velocity_bridge.py
-- Installing: /home/ninonick0426/Desktop/Quadcopter/Unreal_QuadSim/install/unreal_sim_config/lib/unreal_sim_config/armed_state_monitor.py
-- Installing: /home/ninonick0426/Desktop/Quadcopter/Unreal_QuadSim/install/unreal_sim_config/lib/unreal_sim_config/arm_drone.py
-- Up-to-date: /home/ninonick0426/Desktop/Quadcopter/Unreal_QuadSim/install/unreal_sim_config/share/ament_index/resource_index/package_run_dependencies/unreal_sim_config
-- Installing: /home/ninonick0426/Desktop/Quadcopter/Unreal_QuadSim/install/unreal_sim_config/share/ament_index/resource_index/parent_prefix_path/unreal_sim_config
-- Up-to-date: /home/ninonick0426/Desktop/Quadcopter/Unreal_QuadSim/install/unreal_sim_config/share/unreal_sim_config/environment/ament_prefix_path.sh
-- Installing: /home/ninonick0426/Desktop/Quadcopter/Unreal_QuadSim/install/unreal_sim_config/share/unreal_sim_config/environment/ament_prefix_path.dsv
-- Up-to-date: /home/ninonick0426/Desktop/Quadcopter/Unreal_QuadSim/install/unreal_sim_config/share/unreal_sim_config/environment/path.sh
-- Installing: /home/ninonick0426/Desktop/Quadcopter/Unreal_QuadSim/install/unreal_sim_config/share/unreal_sim_config/environment/path.dsv
-- Up-to-date: /home/ninonick0426/Desktop/Quadcopter/Unreal_QuadSim/install/unreal_sim_config/share/unreal_sim_config/local_setup.bash
-- Up-to-date: /home/ninonick0426/Desktop/Quadcopter/Unreal_QuadSim/install/unreal_sim_config/share/unreal_sim_config/local_setup.sh
-- Up-to-date: /home/ninonick0426/Desktop/Quadcopter/Unreal_QuadSim/install/unreal_sim_config/share/unreal_sim_config/local_setup.zsh
-- Installing: /home/ninonick0426/Desktop/Quadcopter/Unreal_QuadSim/install/unreal_sim_config/share/unreal_sim_config/local_setup.dsv
-- Installing: /home/ninonick0426/Desktop/Quadcopter/Unreal_QuadSim/install/unreal_sim_config/share/unreal_sim_config/package.dsv
-- Up-to-date: /home/ninonick0426/Desktop/Quadcopter/Unreal_QuadSim/install/unreal_sim_config/share/ament_index/resource_index/packages/unreal_sim_config
-- Up-to-date: /home/ninonick0426/Desktop/Quadcopter/Unreal_QuadSim/install/unreal_sim_config/share/unreal_sim_config/cmake/unreal_sim_configConfig.cmake
-- Up-to-date: /home/ninonick0426/Desktop/Quadcopter/Unreal_QuadSim/install/unreal_sim_config/share/unreal_sim_config/cmake/unreal_sim_configConfig-version.cmake
-- Up-to-date: /home/ninonick0426/Desktop/Quadcopter/Unreal_QuadSim/install/unreal_sim_config/share/unreal_sim_config/package.xml
