[4.733s] DEBUG:colcon:Command line arguments: ['/usr/bin/colcon', 'build', '--symlink-install']
[4.733s] DEBUG:colcon:Parsed command line arguments: Namespace(log_base=None, log_level=None, verb_name='build', build_base='build', install_base='install', merge_install=False, symlink_install=True, test_result_base=None, continue_on_error=False, executor='parallel', parallel_workers=20, event_handlers=None, ignore_user_meta=False, metas=['./colcon.meta'], base_paths=['.'], packages_ignore=None, packages_ignore_regex=None, paths=None, packages_up_to=None, packages_up_to_regex=None, packages_above=None, packages_above_and_dependencies=None, packages_above_depth=None, packages_select_by_dep=None, packages_skip_by_dep=None, packages_skip_up_to=None, packages_select_build_failed=False, packages_skip_build_finished=False, packages_select_test_failures=False, packages_skip_test_passed=False, packages_select=None, packages_skip=None, packages_select_regex=None, packages_skip_regex=None, packages_start=None, packages_end=None, allow_overriding=[], cmake_args=None, cmake_target=None, cmake_target_skip_unavailable=False, cmake_clean_cache=False, cmake_clean_first=False, cmake_force_configure=False, ament_cmake_args=None, catkin_cmake_args=None, catkin_skip_building_tests=False, verb_parser=<colcon_defaults.argument_parser.defaults.DefaultArgumentsDecorator object at 0x73c2e79342e0>, verb_extension=<colcon_core.verb.build.BuildVerb object at 0x73c2e7a9d090>, main=<bound method BuildVerb.main of <colcon_core.verb.build.BuildVerb object at 0x73c2e7a9d090>>)
[11.109s] Level 1:colcon.colcon_core.package_discovery:discover_packages(colcon_meta) check parameters
[11.109s] Level 1:colcon.colcon_core.package_discovery:discover_packages(recursive) check parameters
[11.109s] Level 1:colcon.colcon_core.package_discovery:discover_packages(ignore) check parameters
[11.109s] Level 1:colcon.colcon_core.package_discovery:discover_packages(path) check parameters
[11.109s] Level 1:colcon.colcon_core.package_discovery:discover_packages(colcon_meta) discover
[11.110s] Level 1:colcon.colcon_core.package_discovery:discover_packages(recursive) discover
[11.110s] INFO:colcon.colcon_core.package_discovery:Crawling recursively for packages in '/home/ninonick0426/Documents/GitHub/Unreal_QuadSim/Plugins/QuadSimPlugin/Resnet'
[11.110s] Level 1:colcon.colcon_core.package_identification:_identify(.) by extensions ['ignore', 'ignore_ament_install']
[11.110s] Level 1:colcon.colcon_core.package_identification:_identify(.) by extension 'ignore'
[11.111s] Level 1:colcon.colcon_core.package_identification:_identify(.) by extension 'ignore_ament_install'
[11.111s] Level 1:colcon.colcon_core.package_identification:_identify(.) by extensions ['colcon_pkg']
[11.111s] Level 1:colcon.colcon_core.package_identification:_identify(.) by extension 'colcon_pkg'
[11.111s] Level 1:colcon.colcon_core.package_identification:_identify(.) by extensions ['colcon_meta']
[11.111s] Level 1:colcon.colcon_core.package_identification:_identify(.) by extension 'colcon_meta'
[11.111s] Level 1:colcon.colcon_core.package_identification:_identify(.) by extensions ['ros']
[11.111s] Level 1:colcon.colcon_core.package_identification:_identify(.) by extension 'ros'
[11.349s] DEBUG:colcon.colcon_core.package_identification:Package '.' with type 'ros.ament_python' and name 'adaptive_resnet_controller'
[11.349s] Level 1:colcon.colcon_core.package_discovery:discover_packages(recursive) using defaults
[11.349s] Level 1:colcon.colcon_core.package_discovery:discover_packages(ignore) discover
[11.349s] Level 1:colcon.colcon_core.package_discovery:discover_packages(ignore) using defaults
[11.349s] Level 1:colcon.colcon_core.package_discovery:discover_packages(path) discover
[11.349s] Level 1:colcon.colcon_core.package_discovery:discover_packages(path) using defaults
[11.711s] Level 1:colcon.colcon_core.package_discovery:discover_packages(prefix_path) check parameters
[11.711s] Level 1:colcon.colcon_core.package_discovery:discover_packages(prefix_path) discover
[11.748s] DEBUG:colcon.colcon_installed_package_information.package_discovery:Found 1 installed packages in /home/ninonick0426/ros2_ws/install
[11.751s] DEBUG:colcon.colcon_installed_package_information.package_discovery:Found 271 installed packages in /opt/ros/humble
[11.755s] Level 1:colcon.colcon_core.package_discovery:discover_packages(prefix_path) using defaults
[11.843s] Level 5:colcon.colcon_core.verb:set package 'adaptive_resnet_controller' build argument 'cmake_args' from command line to 'None'
[11.843s] Level 5:colcon.colcon_core.verb:set package 'adaptive_resnet_controller' build argument 'cmake_target' from command line to 'None'
[11.843s] Level 5:colcon.colcon_core.verb:set package 'adaptive_resnet_controller' build argument 'cmake_target_skip_unavailable' from command line to 'False'
[11.843s] Level 5:colcon.colcon_core.verb:set package 'adaptive_resnet_controller' build argument 'cmake_clean_cache' from command line to 'False'
[11.843s] Level 5:colcon.colcon_core.verb:set package 'adaptive_resnet_controller' build argument 'cmake_clean_first' from command line to 'False'
[11.843s] Level 5:colcon.colcon_core.verb:set package 'adaptive_resnet_controller' build argument 'cmake_force_configure' from command line to 'False'
[11.843s] Level 5:colcon.colcon_core.verb:set package 'adaptive_resnet_controller' build argument 'ament_cmake_args' from command line to 'None'
[11.843s] Level 5:colcon.colcon_core.verb:set package 'adaptive_resnet_controller' build argument 'catkin_cmake_args' from command line to 'None'
[11.843s] Level 5:colcon.colcon_core.verb:set package 'adaptive_resnet_controller' build argument 'catkin_skip_building_tests' from command line to 'False'
[11.843s] DEBUG:colcon.colcon_core.verb:Building package 'adaptive_resnet_controller' with the following arguments: {'ament_cmake_args': None, 'build_base': '/home/ninonick0426/Documents/GitHub/Unreal_QuadSim/Plugins/QuadSimPlugin/Resnet/build/adaptive_resnet_controller', 'catkin_cmake_args': None, 'catkin_skip_building_tests': False, 'cmake_args': None, 'cmake_clean_cache': False, 'cmake_clean_first': False, 'cmake_force_configure': False, 'cmake_target': None, 'cmake_target_skip_unavailable': False, 'install_base': '/home/ninonick0426/Documents/GitHub/Unreal_QuadSim/Plugins/QuadSimPlugin/Resnet/install/adaptive_resnet_controller', 'merge_install': False, 'path': '/home/ninonick0426/Documents/GitHub/Unreal_QuadSim/Plugins/QuadSimPlugin/Resnet', 'symlink_install': True, 'test_result_base': None}
[11.843s] INFO:colcon.colcon_core.executor:Executing jobs using 'parallel' executor
[11.844s] DEBUG:colcon.colcon_parallel_executor.executor.parallel:run_until_complete
[11.844s] INFO:colcon.colcon_ros.task.ament_python.build:Building ROS package in '/home/ninonick0426/Documents/GitHub/Unreal_QuadSim/Plugins/QuadSimPlugin/Resnet' with build type 'ament_python'
[11.844s] Level 1:colcon.colcon_core.shell:create_environment_hook('adaptive_resnet_controller', 'ament_prefix_path')
[11.848s] INFO:colcon.colcon_core.plugin_system:Skipping extension 'colcon_core.shell.bat': Not used on non-Windows systems
[11.848s] INFO:colcon.colcon_core.shell:Creating environment hook '/home/ninonick0426/Documents/GitHub/Unreal_QuadSim/Plugins/QuadSimPlugin/Resnet/install/adaptive_resnet_controller/share/adaptive_resnet_controller/hook/ament_prefix_path.ps1'
[11.859s] INFO:colcon.colcon_core.shell:Creating environment descriptor '/home/ninonick0426/Documents/GitHub/Unreal_QuadSim/Plugins/QuadSimPlugin/Resnet/install/adaptive_resnet_controller/share/adaptive_resnet_controller/hook/ament_prefix_path.dsv'
[11.869s] INFO:colcon.colcon_core.shell:Creating environment hook '/home/ninonick0426/Documents/GitHub/Unreal_QuadSim/Plugins/QuadSimPlugin/Resnet/install/adaptive_resnet_controller/share/adaptive_resnet_controller/hook/ament_prefix_path.sh'
[11.870s] INFO:colcon.colcon_core.shell:Skip shell extension 'powershell' for command environment: Not usable outside of PowerShell
[11.870s] DEBUG:colcon.colcon_core.shell:Skip shell extension 'dsv' for command environment
[12.110s] INFO:colcon.colcon_core.task.python.build:Building Python package in '/home/ninonick0426/Documents/GitHub/Unreal_QuadSim/Plugins/QuadSimPlugin/Resnet'
[12.110s] INFO:colcon.colcon_core.shell:Skip shell extension 'powershell' for command environment: Not usable outside of PowerShell
[12.110s] DEBUG:colcon.colcon_core.shell:Skip shell extension 'dsv' for command environment
[13.104s] DEBUG:colcon.colcon_core.event_handler.log_command:Invoking command in '/home/ninonick0426/Documents/GitHub/Unreal_QuadSim/Plugins/QuadSimPlugin/Resnet/build/adaptive_resnet_controller': PYTHONPATH=/home/ninonick0426/Documents/GitHub/Unreal_QuadSim/Plugins/QuadSimPlugin/Resnet/build/adaptive_resnet_controller/prefix_override:/usr/lib/python3/dist-packages/colcon_core/task/python/colcon_distutils_commands:/home/ninonick0426/Documents/GitHub/Unreal_QuadSim/Plugins/QuadSimPlugin/Resnet/install/adaptive_resnet_controller/lib/python3.10/site-packages:${PYTHONPATH} /usr/bin/python3 -W ignore:setup.py install is deprecated -W ignore:easy_install command is deprecated setup.py develop --editable --build-directory /home/ninonick0426/Documents/GitHub/Unreal_QuadSim/Plugins/QuadSimPlugin/Resnet/build/adaptive_resnet_controller/build --no-deps symlink_data
[13.350s] Level 1:colcon.colcon_core.shell:create_environment_hook('adaptive_resnet_controller', 'pythonpath_develop')
[13.350s] DEBUG:colcon.colcon_core.event_handler.log_command:Invoked command in '/home/ninonick0426/Documents/GitHub/Unreal_QuadSim/Plugins/QuadSimPlugin/Resnet/build/adaptive_resnet_controller' returned '0': PYTHONPATH=/home/ninonick0426/Documents/GitHub/Unreal_QuadSim/Plugins/QuadSimPlugin/Resnet/build/adaptive_resnet_controller/prefix_override:/usr/lib/python3/dist-packages/colcon_core/task/python/colcon_distutils_commands:/home/ninonick0426/Documents/GitHub/Unreal_QuadSim/Plugins/QuadSimPlugin/Resnet/install/adaptive_resnet_controller/lib/python3.10/site-packages:${PYTHONPATH} /usr/bin/python3 -W ignore:setup.py install is deprecated -W ignore:easy_install command is deprecated setup.py develop --editable --build-directory /home/ninonick0426/Documents/GitHub/Unreal_QuadSim/Plugins/QuadSimPlugin/Resnet/build/adaptive_resnet_controller/build --no-deps symlink_data
[13.351s] INFO:colcon.colcon_core.shell:Creating environment hook '/home/ninonick0426/Documents/GitHub/Unreal_QuadSim/Plugins/QuadSimPlugin/Resnet/build/adaptive_resnet_controller/share/adaptive_resnet_controller/hook/pythonpath_develop.ps1'
[13.351s] INFO:colcon.colcon_core.shell:Creating environment descriptor '/home/ninonick0426/Documents/GitHub/Unreal_QuadSim/Plugins/QuadSimPlugin/Resnet/build/adaptive_resnet_controller/share/adaptive_resnet_controller/hook/pythonpath_develop.dsv'
[13.352s] INFO:colcon.colcon_core.shell:Creating environment hook '/home/ninonick0426/Documents/GitHub/Unreal_QuadSim/Plugins/QuadSimPlugin/Resnet/build/adaptive_resnet_controller/share/adaptive_resnet_controller/hook/pythonpath_develop.sh'
[13.403s] Level 1:colcon.colcon_core.environment:checking '/home/ninonick0426/Documents/GitHub/Unreal_QuadSim/Plugins/QuadSimPlugin/Resnet/install/adaptive_resnet_controller' for CMake module files
[13.404s] Level 1:colcon.colcon_core.environment:checking '/home/ninonick0426/Documents/GitHub/Unreal_QuadSim/Plugins/QuadSimPlugin/Resnet/install/adaptive_resnet_controller' for CMake config files
[13.406s] Level 1:colcon.colcon_core.environment:checking '/home/ninonick0426/Documents/GitHub/Unreal_QuadSim/Plugins/QuadSimPlugin/Resnet/install/adaptive_resnet_controller/lib'
[13.406s] Level 1:colcon.colcon_core.environment:checking '/home/ninonick0426/Documents/GitHub/Unreal_QuadSim/Plugins/QuadSimPlugin/Resnet/install/adaptive_resnet_controller/bin'
[13.406s] Level 1:colcon.colcon_core.shell:create_environment_hook('adaptive_resnet_controller', 'path')
[13.407s] INFO:colcon.colcon_core.shell:Creating environment hook '/home/ninonick0426/Documents/GitHub/Unreal_QuadSim/Plugins/QuadSimPlugin/Resnet/install/adaptive_resnet_controller/share/adaptive_resnet_controller/hook/path.ps1'
[13.409s] INFO:colcon.colcon_core.shell:Creating environment descriptor '/home/ninonick0426/Documents/GitHub/Unreal_QuadSim/Plugins/QuadSimPlugin/Resnet/install/adaptive_resnet_controller/share/adaptive_resnet_controller/hook/path.dsv'
[13.410s] INFO:colcon.colcon_core.shell:Creating environment hook '/home/ninonick0426/Documents/GitHub/Unreal_QuadSim/Plugins/QuadSimPlugin/Resnet/install/adaptive_resnet_controller/share/adaptive_resnet_controller/hook/path.sh'
[13.411s] Level 1:colcon.colcon_core.environment:checking '/home/ninonick0426/Documents/GitHub/Unreal_QuadSim/Plugins/QuadSimPlugin/Resnet/install/adaptive_resnet_controller/lib/pkgconfig/adaptive_resnet_controller.pc'
[13.412s] Level 1:colcon.colcon_core.environment:checking '/home/ninonick0426/Documents/GitHub/Unreal_QuadSim/Plugins/QuadSimPlugin/Resnet/install/adaptive_resnet_controller/lib/python3.10/site-packages'
[13.412s] Level 1:colcon.colcon_core.shell:create_environment_hook('adaptive_resnet_controller', 'pythonpath')
[13.413s] INFO:colcon.colcon_core.shell:Creating environment hook '/home/ninonick0426/Documents/GitHub/Unreal_QuadSim/Plugins/QuadSimPlugin/Resnet/install/adaptive_resnet_controller/share/adaptive_resnet_controller/hook/pythonpath.ps1'
[13.414s] INFO:colcon.colcon_core.shell:Creating environment descriptor '/home/ninonick0426/Documents/GitHub/Unreal_QuadSim/Plugins/QuadSimPlugin/Resnet/install/adaptive_resnet_controller/share/adaptive_resnet_controller/hook/pythonpath.dsv'
[13.414s] INFO:colcon.colcon_core.shell:Creating environment hook '/home/ninonick0426/Documents/GitHub/Unreal_QuadSim/Plugins/QuadSimPlugin/Resnet/install/adaptive_resnet_controller/share/adaptive_resnet_controller/hook/pythonpath.sh'
[13.415s] Level 1:colcon.colcon_core.environment:checking '/home/ninonick0426/Documents/GitHub/Unreal_QuadSim/Plugins/QuadSimPlugin/Resnet/install/adaptive_resnet_controller/bin'
[13.416s] Level 1:colcon.colcon_core.shell:create_environment_hook('adaptive_resnet_controller', 'pythonscriptspath')
[13.416s] INFO:colcon.colcon_core.shell:Creating environment hook '/home/ninonick0426/Documents/GitHub/Unreal_QuadSim/Plugins/QuadSimPlugin/Resnet/install/adaptive_resnet_controller/share/adaptive_resnet_controller/hook/pythonscriptspath.ps1'
[13.417s] INFO:colcon.colcon_core.shell:Creating environment descriptor '/home/ninonick0426/Documents/GitHub/Unreal_QuadSim/Plugins/QuadSimPlugin/Resnet/install/adaptive_resnet_controller/share/adaptive_resnet_controller/hook/pythonscriptspath.dsv'
[13.417s] INFO:colcon.colcon_core.shell:Creating environment hook '/home/ninonick0426/Documents/GitHub/Unreal_QuadSim/Plugins/QuadSimPlugin/Resnet/install/adaptive_resnet_controller/share/adaptive_resnet_controller/hook/pythonscriptspath.sh'
[13.418s] Level 1:colcon.colcon_core.environment:create_environment_scripts_only(adaptive_resnet_controller)
[13.419s] INFO:colcon.colcon_core.shell:Creating package script '/home/ninonick0426/Documents/GitHub/Unreal_QuadSim/Plugins/QuadSimPlugin/Resnet/install/adaptive_resnet_controller/share/adaptive_resnet_controller/package.ps1'
[13.428s] INFO:colcon.colcon_core.shell:Creating package descriptor '/home/ninonick0426/Documents/GitHub/Unreal_QuadSim/Plugins/QuadSimPlugin/Resnet/install/adaptive_resnet_controller/share/adaptive_resnet_controller/package.dsv'
[13.430s] INFO:colcon.colcon_core.shell:Creating package script '/home/ninonick0426/Documents/GitHub/Unreal_QuadSim/Plugins/QuadSimPlugin/Resnet/install/adaptive_resnet_controller/share/adaptive_resnet_controller/package.sh'
[13.433s] INFO:colcon.colcon_core.shell:Creating package script '/home/ninonick0426/Documents/GitHub/Unreal_QuadSim/Plugins/QuadSimPlugin/Resnet/install/adaptive_resnet_controller/share/adaptive_resnet_controller/package.bash'
[13.443s] INFO:colcon.colcon_core.shell:Creating package script '/home/ninonick0426/Documents/GitHub/Unreal_QuadSim/Plugins/QuadSimPlugin/Resnet/install/adaptive_resnet_controller/share/adaptive_resnet_controller/package.zsh'
[13.460s] Level 1:colcon.colcon_core.environment:create_file_with_runtime_dependencies(/home/ninonick0426/Documents/GitHub/Unreal_QuadSim/Plugins/QuadSimPlugin/Resnet/install/adaptive_resnet_controller/share/colcon-core/packages/adaptive_resnet_controller)
[13.461s] DEBUG:colcon.colcon_parallel_executor.executor.parallel:closing loop
[13.462s] DEBUG:colcon.colcon_parallel_executor.executor.parallel:loop closed
[13.462s] DEBUG:colcon.colcon_parallel_executor.executor.parallel:run_until_complete finished with '0'
[13.462s] DEBUG:colcon.colcon_core.event_reactor:joining thread
[13.477s] INFO:colcon.colcon_core.plugin_system:Skipping extension 'colcon_notification.desktop_notification.terminal_notifier': Not used on non-Darwin systems
[13.477s] INFO:colcon.colcon_core.plugin_system:Skipping extension 'colcon_notification.desktop_notification.win32': Not used on non-Windows systems
[13.477s] INFO:colcon.colcon_notification.desktop_notification:Sending desktop notification using 'notify2'
[13.495s] DEBUG:colcon.colcon_core.event_reactor:joined thread
[13.495s] INFO:colcon.colcon_core.shell:Creating prefix script '/home/ninonick0426/Documents/GitHub/Unreal_QuadSim/Plugins/QuadSimPlugin/Resnet/install/local_setup.ps1'
[13.497s] INFO:colcon.colcon_core.shell:Creating prefix util module '/home/ninonick0426/Documents/GitHub/Unreal_QuadSim/Plugins/QuadSimPlugin/Resnet/install/_local_setup_util_ps1.py'
[13.497s] INFO:colcon.colcon_core.shell:Creating prefix chain script '/home/ninonick0426/Documents/GitHub/Unreal_QuadSim/Plugins/QuadSimPlugin/Resnet/install/setup.ps1'
[13.498s] INFO:colcon.colcon_core.shell:Creating prefix script '/home/ninonick0426/Documents/GitHub/Unreal_QuadSim/Plugins/QuadSimPlugin/Resnet/install/local_setup.sh'
[13.498s] INFO:colcon.colcon_core.shell:Creating prefix util module '/home/ninonick0426/Documents/GitHub/Unreal_QuadSim/Plugins/QuadSimPlugin/Resnet/install/_local_setup_util_sh.py'
[13.499s] INFO:colcon.colcon_core.shell:Creating prefix chain script '/home/ninonick0426/Documents/GitHub/Unreal_QuadSim/Plugins/QuadSimPlugin/Resnet/install/setup.sh'
[13.499s] INFO:colcon.colcon_core.shell:Creating prefix script '/home/ninonick0426/Documents/GitHub/Unreal_QuadSim/Plugins/QuadSimPlugin/Resnet/install/local_setup.bash'
[13.500s] INFO:colcon.colcon_core.shell:Creating prefix chain script '/home/ninonick0426/Documents/GitHub/Unreal_QuadSim/Plugins/QuadSimPlugin/Resnet/install/setup.bash'
[13.500s] INFO:colcon.colcon_core.shell:Creating prefix script '/home/ninonick0426/Documents/GitHub/Unreal_QuadSim/Plugins/QuadSimPlugin/Resnet/install/local_setup.zsh'
[13.500s] INFO:colcon.colcon_core.shell:Creating prefix chain script '/home/ninonick0426/Documents/GitHub/Unreal_QuadSim/Plugins/QuadSimPlugin/Resnet/install/setup.zsh'
