/home/ninonick0426/Documents/GitHub/Unreal_QuadSim/Plugins/QuadSimPlugin/Resnet/install/adaptive_resnet_controller/lib/python3.10/site-packages/src/__init__.py
/home/ninonick0426/Documents/GitHub/Unreal_QuadSim/Plugins/QuadSimPlugin/Resnet/install/adaptive_resnet_controller/lib/python3.10/site-packages/src/core/__init__.py
/home/ninonick0426/Documents/GitHub/Unreal_QuadSim/Plugins/QuadSimPlugin/Resnet/install/adaptive_resnet_controller/lib/python3.10/site-packages/src/core/neural_network.py
/home/ninonick0426/Documents/GitHub/Unreal_QuadSim/Plugins/QuadSimPlugin/Resnet/install/adaptive_resnet_controller/lib/python3.10/site-packages/src/simulation/__init__.py
/home/ninonick0426/Documents/GitHub/Unreal_QuadSim/Plugins/QuadSimPlugin/Resnet/install/adaptive_resnet_controller/lib/python3.10/site-packages/src/simulation/integrate.py
/home/ninonick0426/Documents/GitHub/Unreal_QuadSim/Plugins/QuadSimPlugin/Resnet/install/adaptive_resnet_controller/lib/python3.10/site-packages/src/__pycache__/__init__.cpython-310.pyc
/home/ninonick0426/Documents/GitHub/Unreal_QuadSim/Plugins/QuadSimPlugin/Resnet/install/adaptive_resnet_controller/lib/python3.10/site-packages/src/core/__pycache__/__init__.cpython-310.pyc
/home/ninonick0426/Documents/GitHub/Unreal_QuadSim/Plugins/QuadSimPlugin/Resnet/install/adaptive_resnet_controller/lib/python3.10/site-packages/src/core/__pycache__/neural_network.cpython-310.pyc
/home/ninonick0426/Documents/GitHub/Unreal_QuadSim/Plugins/QuadSimPlugin/Resnet/install/adaptive_resnet_controller/lib/python3.10/site-packages/src/simulation/__pycache__/__init__.cpython-310.pyc
/home/ninonick0426/Documents/GitHub/Unreal_QuadSim/Plugins/QuadSimPlugin/Resnet/install/adaptive_resnet_controller/lib/python3.10/site-packages/src/simulation/__pycache__/integrate.cpython-310.pyc
/home/ninonick0426/Documents/GitHub/Unreal_QuadSim/Plugins/QuadSimPlugin/Resnet/install/adaptive_resnet_controller/share/ament_index/resource_index/packages/adaptive_resnet_controller
/home/ninonick0426/Documents/GitHub/Unreal_QuadSim/Plugins/QuadSimPlugin/Resnet/install/adaptive_resnet_controller/share/adaptive_resnet_controller/package.xml
/home/ninonick0426/Documents/GitHub/Unreal_QuadSim/Plugins/QuadSimPlugin/Resnet/install/adaptive_resnet_controller/share/adaptive_resnet_controller/launch/adaptive_controller.launch.py
/home/ninonick0426/Documents/GitHub/Unreal_QuadSim/Plugins/QuadSimPlugin/Resnet/install/adaptive_resnet_controller/share/adaptive_resnet_controller/config/adaptive_controller_params.yaml
/home/ninonick0426/Documents/GitHub/Unreal_QuadSim/Plugins/QuadSimPlugin/Resnet/install/adaptive_resnet_controller/lib/adaptive_resnet_controller/adaptive_controller
/home/ninonick0426/Documents/GitHub/Unreal_QuadSim/Plugins/QuadSimPlugin/Resnet/install/adaptive_resnet_controller/lib/python3.10/site-packages/adaptive_resnet_controller-0.1.0-py3.10.egg-info/SOURCES.txt
/home/ninonick0426/Documents/GitHub/Unreal_QuadSim/Plugins/QuadSimPlugin/Resnet/install/adaptive_resnet_controller/lib/python3.10/site-packages/adaptive_resnet_controller-0.1.0-py3.10.egg-info/top_level.txt
/home/ninonick0426/Documents/GitHub/Unreal_QuadSim/Plugins/QuadSimPlugin/Resnet/install/adaptive_resnet_controller/lib/python3.10/site-packages/adaptive_resnet_controller-0.1.0-py3.10.egg-info/dependency_links.txt
/home/ninonick0426/Documents/GitHub/Unreal_QuadSim/Plugins/QuadSimPlugin/Resnet/install/adaptive_resnet_controller/lib/python3.10/site-packages/adaptive_resnet_controller-0.1.0-py3.10.egg-info/zip-safe
/home/ninonick0426/Documents/GitHub/Unreal_QuadSim/Plugins/QuadSimPlugin/Resnet/install/adaptive_resnet_controller/lib/python3.10/site-packages/adaptive_resnet_controller-0.1.0-py3.10.egg-info/PKG-INFO
/home/ninonick0426/Documents/GitHub/Unreal_QuadSim/Plugins/QuadSimPlugin/Resnet/install/adaptive_resnet_controller/lib/python3.10/site-packages/adaptive_resnet_controller-0.1.0-py3.10.egg-info/entry_points.txt
/home/ninonick0426/Documents/GitHub/Unreal_QuadSim/Plugins/QuadSimPlugin/Resnet/install/adaptive_resnet_controller/lib/python3.10/site-packages/adaptive_resnet_controller-0.1.0-py3.10.egg-info/requires.txt
/home/ninonick0426/Documents/GitHub/Unreal_QuadSim/Plugins/QuadSimPlugin/Resnet/install/adaptive_resnet_controller/bin/adaptive_controller
