[1.260s] Invoking command in '/home/ninonick0426/Documents/GitHub/Unreal_QuadSim/Plugins/QuadSimPlugin/Resnet/build/adaptive_resnet_controller': PYTHONPATH=/home/ninonick0426/Documents/GitHub/Unreal_QuadSim/Plugins/QuadSimPlugin/Resnet/build/adaptive_resnet_controller/prefix_override:/usr/lib/python3/dist-packages/colcon_core/task/python/colcon_distutils_commands:/home/ninonick0426/Documents/GitHub/Unreal_QuadSim/Plugins/QuadSimPlugin/Resnet/install/adaptive_resnet_controller/lib/python3.10/site-packages:${PYTHONPATH} /usr/bin/python3 -W ignore:setup.py install is deprecated -W ignore:easy_install command is deprecated setup.py develop --editable --build-directory /home/ninonick0426/Documents/GitHub/Unreal_QuadSim/Plugins/QuadSimPlugin/Resnet/build/adaptive_resnet_controller/build --no-deps symlink_data
[1.413s] running develop
[1.489s] running egg_info
[1.489s] creating adaptive_resnet_controller.egg-info
[1.489s] writing adaptive_resnet_controller.egg-info/PKG-INFO
[1.489s] writing dependency_links to adaptive_resnet_controller.egg-info/dependency_links.txt
[1.489s] writing entry points to adaptive_resnet_controller.egg-info/entry_points.txt
[1.489s] writing requirements to adaptive_resnet_controller.egg-info/requires.txt
[1.489s] writing top-level names to adaptive_resnet_controller.egg-info/top_level.txt
[1.490s] writing manifest file 'adaptive_resnet_controller.egg-info/SOURCES.txt'
[1.490s] reading manifest file 'adaptive_resnet_controller.egg-info/SOURCES.txt'
[1.491s] writing manifest file 'adaptive_resnet_controller.egg-info/SOURCES.txt'
[1.491s] running build_ext
[1.492s] Creating /home/ninonick0426/Documents/GitHub/Unreal_QuadSim/Plugins/QuadSimPlugin/Resnet/install/adaptive_resnet_controller/lib/python3.10/site-packages/adaptive-resnet-controller.egg-link (link to .)
[1.492s] Installing adaptive_controller script to /home/ninonick0426/Documents/GitHub/Unreal_QuadSim/Plugins/QuadSimPlugin/Resnet/install/adaptive_resnet_controller/bin
[1.492s] 
[1.492s] Installed /home/ninonick0426/Documents/GitHub/Unreal_QuadSim/Plugins/QuadSimPlugin/Resnet/build/adaptive_resnet_controller
[1.492s] running symlink_data
[1.492s] creating /home/ninonick0426/Documents/GitHub/Unreal_QuadSim/Plugins/QuadSimPlugin/Resnet/install/adaptive_resnet_controller/share/ament_index
[1.492s] creating /home/ninonick0426/Documents/GitHub/Unreal_QuadSim/Plugins/QuadSimPlugin/Resnet/install/adaptive_resnet_controller/share/ament_index/resource_index
[1.492s] creating /home/ninonick0426/Documents/GitHub/Unreal_QuadSim/Plugins/QuadSimPlugin/Resnet/install/adaptive_resnet_controller/share/ament_index/resource_index/packages
[1.492s] symbolically linking /home/ninonick0426/Documents/GitHub/Unreal_QuadSim/Plugins/QuadSimPlugin/Resnet/build/adaptive_resnet_controller/resource/adaptive_resnet_controller -> /home/ninonick0426/Documents/GitHub/Unreal_QuadSim/Plugins/QuadSimPlugin/Resnet/install/adaptive_resnet_controller/share/ament_index/resource_index/packages
[1.492s] symbolically linking /home/ninonick0426/Documents/GitHub/Unreal_QuadSim/Plugins/QuadSimPlugin/Resnet/build/adaptive_resnet_controller/package.xml -> /home/ninonick0426/Documents/GitHub/Unreal_QuadSim/Plugins/QuadSimPlugin/Resnet/install/adaptive_resnet_controller/share/adaptive_resnet_controller
[1.492s] creating /home/ninonick0426/Documents/GitHub/Unreal_QuadSim/Plugins/QuadSimPlugin/Resnet/install/adaptive_resnet_controller/share/adaptive_resnet_controller/launch
[1.492s] symbolically linking /home/ninonick0426/Documents/GitHub/Unreal_QuadSim/Plugins/QuadSimPlugin/Resnet/build/adaptive_resnet_controller/launch/adaptive_controller.launch.py -> /home/ninonick0426/Documents/GitHub/Unreal_QuadSim/Plugins/QuadSimPlugin/Resnet/install/adaptive_resnet_controller/share/adaptive_resnet_controller/launch
[1.492s] creating /home/ninonick0426/Documents/GitHub/Unreal_QuadSim/Plugins/QuadSimPlugin/Resnet/install/adaptive_resnet_controller/share/adaptive_resnet_controller/config
[1.492s] symbolically linking /home/ninonick0426/Documents/GitHub/Unreal_QuadSim/Plugins/QuadSimPlugin/Resnet/build/adaptive_resnet_controller/config/adaptive_controller_params.yaml -> /home/ninonick0426/Documents/GitHub/Unreal_QuadSim/Plugins/QuadSimPlugin/Resnet/install/adaptive_resnet_controller/share/adaptive_resnet_controller/config
[1.493s] creating /home/ninonick0426/Documents/GitHub/Unreal_QuadSim/Plugins/QuadSimPlugin/Resnet/install/adaptive_resnet_controller/lib/adaptive_resnet_controller
[1.493s] symbolically linking /home/ninonick0426/Documents/GitHub/Unreal_QuadSim/Plugins/QuadSimPlugin/Resnet/build/adaptive_resnet_controller/scripts/adaptive_controller -> /home/ninonick0426/Documents/GitHub/Unreal_QuadSim/Plugins/QuadSimPlugin/Resnet/install/adaptive_resnet_controller/lib/adaptive_resnet_controller
[1.506s] Invoked command in '/home/ninonick0426/Documents/GitHub/Unreal_QuadSim/Plugins/QuadSimPlugin/Resnet/build/adaptive_resnet_controller' returned '0': PYTHONPATH=/home/ninonick0426/Documents/GitHub/Unreal_QuadSim/Plugins/QuadSimPlugin/Resnet/build/adaptive_resnet_controller/prefix_override:/usr/lib/python3/dist-packages/colcon_core/task/python/colcon_distutils_commands:/home/ninonick0426/Documents/GitHub/Unreal_QuadSim/Plugins/QuadSimPlugin/Resnet/install/adaptive_resnet_controller/lib/python3.10/site-packages:${PYTHONPATH} /usr/bin/python3 -W ignore:setup.py install is deprecated -W ignore:easy_install command is deprecated setup.py develop --editable --build-directory /home/ninonick0426/Documents/GitHub/Unreal_QuadSim/Plugins/QuadSimPlugin/Resnet/build/adaptive_resnet_controller/build --no-deps symlink_data
