running egg_info
writing build/adaptive_resnet_controller/adaptive_resnet_controller.egg-info/PKG-INFO
writing dependency_links to build/adaptive_resnet_controller/adaptive_resnet_controller.egg-info/dependency_links.txt
writing entry points to build/adaptive_resnet_controller/adaptive_resnet_controller.egg-info/entry_points.txt
writing requirements to build/adaptive_resnet_controller/adaptive_resnet_controller.egg-info/requires.txt
writing top-level names to build/adaptive_resnet_controller/adaptive_resnet_controller.egg-info/top_level.txt
reading manifest file 'build/adaptive_resnet_controller/adaptive_resnet_controller.egg-info/SOURCES.txt'
writing manifest file 'build/adaptive_resnet_controller/adaptive_resnet_controller.egg-info/SOURCES.txt'
running build
running build_py
running install
running install_lib
running install_data
copying config/adaptive_controller_params.yaml -> /home/ninonick0426/Documents/GitHub/Unreal_QuadSim/Plugins/QuadSimPlugin/Resnet/install/adaptive_resnet_controller/share/adaptive_resnet_controller/config
running install_egg_info
removing '/home/ninonick0426/Documents/GitHub/Unreal_QuadSim/Plugins/QuadSimPlugin/Resnet/install/adaptive_resnet_controller/lib/python3.10/site-packages/adaptive_resnet_controller-0.1.0-py3.10.egg-info' (and everything under it)
Copying build/adaptive_resnet_controller/adaptive_resnet_controller.egg-info to /home/ninonick0426/Documents/GitHub/Unreal_QuadSim/Plugins/QuadSimPlugin/Resnet/install/adaptive_resnet_controller/lib/python3.10/site-packages/adaptive_resnet_controller-0.1.0-py3.10.egg-info
running install_scripts
Installing adaptive_controller script to /home/ninonick0426/Documents/GitHub/Unreal_QuadSim/Plugins/QuadSimPlugin/Resnet/install/adaptive_resnet_controller/bin
writing list of installed files to '/home/ninonick0426/Documents/GitHub/Unreal_QuadSim/Plugins/QuadSimPlugin/Resnet/build/adaptive_resnet_controller/install.log'
