-- The C compiler identification is GNU 11.4.0
-- The CXX compiler identification is GNU 11.4.0
-- Detecting C compiler ABI info
-- Detecting C compiler ABI info - done
-- Check for working C compiler: /usr/bin/cc - skipped
-- Detecting C compile features
-- Detecting C compile features - done
-- Detecting CXX compiler ABI info
-- Detecting CXX compiler ABI info - done
-- Check for working CXX compiler: /usr/bin/c++ - skipped
-- Detecting CXX compile features
-- Detecting CXX compile features - done
-- Found ament_cmake: 1.3.11 (/opt/ros/humble/share/ament_cmake/cmake)
-- Found Python3: /usr/bin/python3 (found version "3.10.12") found components: Interpreter 
-- Found rclcpp: 16.0.12 (/opt/ros/humble/share/rclcpp/cmake)
-- Found rosidl_generator_c: 3.1.6 (/opt/ros/humble/share/rosidl_generator_c/cmake)
-- Found rosidl_adapter: 3.1.6 (/opt/ros/humble/share/rosidl_adapter/cmake)
-- Found rosidl_generator_cpp: 3.1.6 (/opt/ros/humble/share/rosidl_generator_cpp/cmake)
-- Using all available rosidl_typesupport_c: rosidl_typesupport_fastrtps_c;rosidl_typesupport_introspection_c
-- Using all available rosidl_typesupport_cpp: rosidl_typesupport_fastrtps_cpp;rosidl_typesupport_introspection_cpp
-- Found rmw_implementation_cmake: 6.1.2 (/opt/ros/humble/share/rmw_implementation_cmake/cmake)
-- Found rmw_fastrtps_cpp: 6.2.7 (/opt/ros/humble/share/rmw_fastrtps_cpp/cmake)
-- Found OpenSSL: /usr/lib/x86_64-linux-gnu/libcrypto.so (found version "3.0.2")  
-- Found FastRTPS: /opt/ros/humble/include  
-- Using RMW implementation 'rmw_fastrtps_cpp' as default
-- Looking for pthread.h
-- Looking for pthread.h - found
-- Performing Test CMAKE_HAVE_LIBC_PTHREAD
-- Performing Test CMAKE_HAVE_LIBC_PTHREAD - Success
-- Found Threads: TRUE  
-- Found rclpy: 3.3.16 (/opt/ros/humble/share/rclpy/cmake)
-- Found std_srvs: 4.9.0 (/opt/ros/humble/share/std_srvs/cmake)
-- Found sensor_msgs: 4.9.0 (/opt/ros/humble/share/sensor_msgs/cmake)
-- Found rosflight_msgs: 2.0.0 (/home/ninonick0426/ros2_ws/install/rosflight_msgs/share/rosflight_msgs/cmake)
-- Found Boost: /usr/lib/x86_64-linux-gnu/cmake/Boost-1.74.0/BoostConfig.cmake (found version "1.74.0") found components: system thread 
-- Found tf2: 0.25.13 (/opt/ros/humble/share/tf2/cmake)
-- Found tf2_geometry_msgs: 0.25.13 (/opt/ros/humble/share/tf2_geometry_msgs/cmake)
-- Found eigen3_cmake_module: 0.1.1 (/opt/ros/humble/share/eigen3_cmake_module/cmake)
-- Found Eigen3: TRUE (found version "3.4.0") 
-- Ensuring Eigen3 include directory is part of orocos-kdl CMake target
-- Found visualization_msgs: 4.9.0 (/opt/ros/humble/share/visualization_msgs/cmake)
-- Configuring done
-- Generating done
-- Build files have been written to: /home/ninonick0426/Desktop/Quadcopter/Unreal_QuadSim/build/rosflight_sim
[  8%] Building CXX object simulators/standalone_sim/CMakeFiles/standalone_time_manager.dir/src/standalone_time_manager.cpp.o
[  8%] Building CXX object simulators/standalone_sim/CMakeFiles/standalone_viz_transcriber.dir/src/standalone_viz_transcriber.cpp.o
[  8%] Building CXX object CMakeFiles/rosflight_firmware.dir/home/ninonick0426/ros2_ws/src/rosflight_ros_pkgs/rosflight_firmware/src/estimator.cpp.o
[ 11%] Building CXX object simulators/standalone_sim/CMakeFiles/standalone_time_manager.dir/__/__/src/time_manager_interface.cpp.o
[ 16%] Building CXX object simulators/standalone_sim/CMakeFiles/multirotor_forces_and_moments.dir/src/multirotor_forces_and_moments.cpp.o
[ 16%] Building CXX object CMakeFiles/rosflight_sil_manager.dir/src/rosflight_sil.cpp.o
[ 19%] Building CXX object CMakeFiles/rosflight_firmware.dir/home/ninonick0426/ros2_ws/src/rosflight_ros_pkgs/rosflight_firmware/src/mixer.cpp.o
[ 22%] Building CXX object CMakeFiles/rosflight_firmware.dir/home/ninonick0426/ros2_ws/src/rosflight_ros_pkgs/rosflight_firmware/src/controller.cpp.o
[ 27%] Building CXX object simulators/standalone_sim/CMakeFiles/standalone_dynamics.dir/__/__/src/dynamics_interface.cpp.o
[ 27%] Building CXX object simulators/standalone_sim/CMakeFiles/standalone_sensors.dir/__/__/src/sensor_interface.cpp.o
[ 30%] Building CXX object CMakeFiles/rosflight_firmware.dir/home/ninonick0426/ros2_ws/src/rosflight_ros_pkgs/rosflight_firmware/src/rosflight.cpp.o
[ 33%] Building CXX object CMakeFiles/rosflight_firmware.dir/home/ninonick0426/ros2_ws/src/rosflight_ros_pkgs/rosflight_firmware/src/param.cpp.o
[ 36%] Building CXX object simulators/standalone_sim/CMakeFiles/multirotor_forces_and_moments.dir/__/__/src/forces_and_moments_interface.cpp.o
[ 38%] Building CXX object simulators/standalone_sim/CMakeFiles/standalone_dynamics.dir/src/standalone_dynamics.cpp.o
[ 41%] Building CXX object simulators/standalone_sim/CMakeFiles/standalone_sensors.dir/src/standalone_sensors.cpp.o
[ 44%] Building CXX object simulators/standalone_sim/CMakeFiles/fixedwing_forces_and_moments.dir/__/__/src/forces_and_moments_interface.cpp.o
[ 47%] Building CXX object simulators/standalone_sim/CMakeFiles/fixedwing_forces_and_moments.dir/src/fixedwing_forces_and_moments.cpp.o
[ 50%] Building CXX object CMakeFiles/rosflight_firmware.dir/home/ninonick0426/ros2_ws/src/rosflight_ros_pkgs/rosflight_firmware/src/state_manager.cpp.o
[ 52%] Building CXX object CMakeFiles/rosflight_firmware.dir/home/ninonick0426/ros2_ws/src/rosflight_ros_pkgs/rosflight_firmware/src/rc.cpp.o
[ 55%] Building CXX object CMakeFiles/rosflight_firmware.dir/home/ninonick0426/ros2_ws/src/rosflight_ros_pkgs/rosflight_firmware/src/command_manager.cpp.o
[ 58%] Building CXX object CMakeFiles/rosflight_firmware.dir/home/ninonick0426/ros2_ws/src/rosflight_ros_pkgs/rosflight_firmware/src/sensors.cpp.o
[ 61%] Building CXX object CMakeFiles/rosflight_firmware.dir/home/ninonick0426/ros2_ws/src/rosflight_ros_pkgs/rosflight_firmware/src/comm_manager.cpp.o
[ 63%] Building CXX object CMakeFiles/rosflight_firmware.dir/home/ninonick0426/ros2_ws/src/rosflight_ros_pkgs/rosflight_firmware/comms/mavlink/mavlink.cpp.o
[ 66%] Building CXX object CMakeFiles/rosflight_firmware.dir/home/ninonick0426/ros2_ws/src/rosflight_ros_pkgs/rosflight_firmware/lib/turbomath/turbomath.cpp.o
[ 69%] Linking CXX executable rosflight_sil_manager
[ 69%] Built target rosflight_sil_manager
[ 72%] Linking CXX executable standalone_time_manager
[ 72%] Built target standalone_time_manager
[ 75%] Linking CXX static library librosflight_firmware.a
[ 75%] Built target rosflight_firmware
[ 80%] Building CXX object CMakeFiles/sil_board.dir/src/sil_board_ros.cpp.o
[ 80%] Building CXX object CMakeFiles/sil_board.dir/src/sil_board.cpp.o
[ 83%] Building CXX object CMakeFiles/sil_board.dir/src/udp_board.cpp.o
[ 86%] Linking CXX executable standalone_dynamics
[ 86%] Built target standalone_dynamics
[ 88%] Linking CXX executable standalone_viz_transcriber
[ 88%] Built target standalone_viz_transcriber
[ 91%] Linking CXX executable standalone_sensors
[ 91%] Built target standalone_sensors
[ 94%] Linking CXX executable multirotor_forces_and_moments
[ 94%] Built target multirotor_forces_and_moments
[ 97%] Linking CXX executable fixedwing_forces_and_moments
[ 97%] Built target fixedwing_forces_and_moments
[100%] Linking CXX executable sil_board
[100%] Built target sil_board
-- Install configuration: "Release"
-- Installing: /home/ninonick0426/Desktop/Quadcopter/Unreal_QuadSim/install/rosflight_sim/share/rosflight_sim/environment/library_path.sh
-- Installing: /home/ninonick0426/Desktop/Quadcopter/Unreal_QuadSim/install/rosflight_sim/share/rosflight_sim/environment/library_path.dsv
-- Installing: /home/ninonick0426/Desktop/Quadcopter/Unreal_QuadSim/install/rosflight_sim/lib/librosflight_firmware.a
-- Installing: /home/ninonick0426/Desktop/Quadcopter/Unreal_QuadSim/install/rosflight_sim/lib/rosflight_sim/rosflight_sil_manager
-- Set runtime path of "/home/ninonick0426/Desktop/Quadcopter/Unreal_QuadSim/install/rosflight_sim/lib/rosflight_sim/rosflight_sil_manager" to ""
-- Installing: /home/ninonick0426/Desktop/Quadcopter/Unreal_QuadSim/install/rosflight_sim/lib/rosflight_sim/sil_board
-- Set runtime path of "/home/ninonick0426/Desktop/Quadcopter/Unreal_QuadSim/install/rosflight_sim/lib/rosflight_sim/sil_board" to ""
-- Installing: /home/ninonick0426/Desktop/Quadcopter/Unreal_QuadSim/install/rosflight_sim/share/rosflight_sim/params
-- Installing: /home/ninonick0426/Desktop/Quadcopter/Unreal_QuadSim/install/rosflight_sim/share/rosflight_sim/params/aerosonde_dynamics.yaml
-- Installing: /home/ninonick0426/Desktop/Quadcopter/Unreal_QuadSim/install/rosflight_sim/share/rosflight_sim/params/multirotor_mixing_matrix_params.yaml
-- Installing: /home/ninonick0426/Desktop/Quadcopter/Unreal_QuadSim/install/rosflight_sim/share/rosflight_sim/params/fixedwing_firmware.yaml
-- Installing: /home/ninonick0426/Desktop/Quadcopter/Unreal_QuadSim/install/rosflight_sim/share/rosflight_sim/params/params.md
-- Installing: /home/ninonick0426/Desktop/Quadcopter/Unreal_QuadSim/install/rosflight_sim/share/rosflight_sim/params/multirotor_motor_params.yaml
-- Installing: /home/ninonick0426/Desktop/Quadcopter/Unreal_QuadSim/install/rosflight_sim/share/rosflight_sim/params/multirotor_dynamics.yaml
-- Installing: /home/ninonick0426/Desktop/Quadcopter/Unreal_QuadSim/install/rosflight_sim/share/rosflight_sim/params/anaconda_dynamics.yaml
-- Installing: /home/ninonick0426/Desktop/Quadcopter/Unreal_QuadSim/install/rosflight_sim/share/rosflight_sim/params/multirotor_firmware.yaml
-- Installing: /home/ninonick0426/Desktop/Quadcopter/Unreal_QuadSim/install/rosflight_sim/include/rosflight_sim/rosflight_sim
-- Installing: /home/ninonick0426/Desktop/Quadcopter/Unreal_QuadSim/install/rosflight_sim/include/rosflight_sim/rosflight_sim/udp_board.hpp
-- Installing: /home/ninonick0426/Desktop/Quadcopter/Unreal_QuadSim/install/rosflight_sim/include/rosflight_sim/rosflight_sim/sensor_interface.hpp
-- Installing: /home/ninonick0426/Desktop/Quadcopter/Unreal_QuadSim/install/rosflight_sim/include/rosflight_sim/rosflight_sim/dynamics_interface.hpp
-- Installing: /home/ninonick0426/Desktop/Quadcopter/Unreal_QuadSim/install/rosflight_sim/include/rosflight_sim/rosflight_sim/sil_board_ros.hpp
-- Installing: /home/ninonick0426/Desktop/Quadcopter/Unreal_QuadSim/install/rosflight_sim/include/rosflight_sim/rosflight_sim/rosflight_sil.hpp
-- Installing: /home/ninonick0426/Desktop/Quadcopter/Unreal_QuadSim/install/rosflight_sim/include/rosflight_sim/rosflight_sim/forces_and_moments_interface.hpp
-- Installing: /home/ninonick0426/Desktop/Quadcopter/Unreal_QuadSim/install/rosflight_sim/include/rosflight_sim/rosflight_sim/sil_board.hpp
-- Installing: /home/ninonick0426/Desktop/Quadcopter/Unreal_QuadSim/install/rosflight_sim/include/rosflight_sim/rosflight_sim/time_manager_interface.hpp
-- Installing: /home/ninonick0426/Desktop/Quadcopter/Unreal_QuadSim/install/rosflight_sim/share/rosflight_sim/launch
-- Installing: /home/ninonick0426/Desktop/Quadcopter/Unreal_QuadSim/install/rosflight_sim/share/rosflight_sim/launch/multirotor_init_firmware.launch.py
-- Installing: /home/ninonick0426/Desktop/Quadcopter/Unreal_QuadSim/install/rosflight_sim/share/rosflight_sim/launch/fixedwing_init_firmware.launch.py
-- Installing: /home/ninonick0426/Desktop/Quadcopter/Unreal_QuadSim/install/rosflight_sim/lib/rosflight_sim/rc.py
-- Installing: /home/ninonick0426/Desktop/Quadcopter/Unreal_QuadSim/install/rosflight_sim/lib/rosflight_sim/vimfly.py
-- Installing: /home/ninonick0426/Desktop/Quadcopter/Unreal_QuadSim/install/rosflight_sim/share/ament_index/resource_index/package_run_dependencies/rosflight_sim
-- Installing: /home/ninonick0426/Desktop/Quadcopter/Unreal_QuadSim/install/rosflight_sim/share/ament_index/resource_index/parent_prefix_path/rosflight_sim
-- Installing: /home/ninonick0426/Desktop/Quadcopter/Unreal_QuadSim/install/rosflight_sim/share/rosflight_sim/environment/ament_prefix_path.sh
-- Installing: /home/ninonick0426/Desktop/Quadcopter/Unreal_QuadSim/install/rosflight_sim/share/rosflight_sim/environment/ament_prefix_path.dsv
-- Installing: /home/ninonick0426/Desktop/Quadcopter/Unreal_QuadSim/install/rosflight_sim/share/rosflight_sim/environment/path.sh
-- Installing: /home/ninonick0426/Desktop/Quadcopter/Unreal_QuadSim/install/rosflight_sim/share/rosflight_sim/environment/path.dsv
-- Installing: /home/ninonick0426/Desktop/Quadcopter/Unreal_QuadSim/install/rosflight_sim/share/rosflight_sim/local_setup.bash
-- Installing: /home/ninonick0426/Desktop/Quadcopter/Unreal_QuadSim/install/rosflight_sim/share/rosflight_sim/local_setup.sh
-- Installing: /home/ninonick0426/Desktop/Quadcopter/Unreal_QuadSim/install/rosflight_sim/share/rosflight_sim/local_setup.zsh
-- Installing: /home/ninonick0426/Desktop/Quadcopter/Unreal_QuadSim/install/rosflight_sim/share/rosflight_sim/local_setup.dsv
-- Installing: /home/ninonick0426/Desktop/Quadcopter/Unreal_QuadSim/install/rosflight_sim/share/rosflight_sim/package.dsv
-- Installing: /home/ninonick0426/Desktop/Quadcopter/Unreal_QuadSim/install/rosflight_sim/share/ament_index/resource_index/packages/rosflight_sim
-- Installing: /home/ninonick0426/Desktop/Quadcopter/Unreal_QuadSim/install/rosflight_sim/share/rosflight_sim/cmake/rosflight_firmwareTargetsExport.cmake
-- Installing: /home/ninonick0426/Desktop/Quadcopter/Unreal_QuadSim/install/rosflight_sim/share/rosflight_sim/cmake/rosflight_firmwareTargetsExport-release.cmake
-- Installing: /home/ninonick0426/Desktop/Quadcopter/Unreal_QuadSim/install/rosflight_sim/share/rosflight_sim/cmake/ament_cmake_export_targets-extras.cmake
-- Installing: /home/ninonick0426/Desktop/Quadcopter/Unreal_QuadSim/install/rosflight_sim/share/rosflight_sim/cmake/rosflight_simConfig.cmake
-- Installing: /home/ninonick0426/Desktop/Quadcopter/Unreal_QuadSim/install/rosflight_sim/share/rosflight_sim/cmake/rosflight_simConfig-version.cmake
-- Installing: /home/ninonick0426/Desktop/Quadcopter/Unreal_QuadSim/install/rosflight_sim/share/rosflight_sim/package.xml
Gazebo not found, skipping rosflight_sim
-- Installing: /home/ninonick0426/Desktop/Quadcopter/Unreal_QuadSim/install/rosflight_sim/lib/rosflight_sim/standalone_viz_transcriber
-- Set runtime path of "/home/ninonick0426/Desktop/Quadcopter/Unreal_QuadSim/install/rosflight_sim/lib/rosflight_sim/standalone_viz_transcriber" to ""
-- Installing: /home/ninonick0426/Desktop/Quadcopter/Unreal_QuadSim/install/rosflight_sim/lib/rosflight_sim/standalone_time_manager
-- Set runtime path of "/home/ninonick0426/Desktop/Quadcopter/Unreal_QuadSim/install/rosflight_sim/lib/rosflight_sim/standalone_time_manager" to ""
-- Installing: /home/ninonick0426/Desktop/Quadcopter/Unreal_QuadSim/install/rosflight_sim/lib/rosflight_sim/multirotor_forces_and_moments
-- Set runtime path of "/home/ninonick0426/Desktop/Quadcopter/Unreal_QuadSim/install/rosflight_sim/lib/rosflight_sim/multirotor_forces_and_moments" to ""
-- Installing: /home/ninonick0426/Desktop/Quadcopter/Unreal_QuadSim/install/rosflight_sim/lib/rosflight_sim/fixedwing_forces_and_moments
-- Set runtime path of "/home/ninonick0426/Desktop/Quadcopter/Unreal_QuadSim/install/rosflight_sim/lib/rosflight_sim/fixedwing_forces_and_moments" to ""
-- Installing: /home/ninonick0426/Desktop/Quadcopter/Unreal_QuadSim/install/rosflight_sim/lib/rosflight_sim/standalone_sensors
-- Set runtime path of "/home/ninonick0426/Desktop/Quadcopter/Unreal_QuadSim/install/rosflight_sim/lib/rosflight_sim/standalone_sensors" to ""
-- Installing: /home/ninonick0426/Desktop/Quadcopter/Unreal_QuadSim/install/rosflight_sim/lib/rosflight_sim/standalone_dynamics
-- Set runtime path of "/home/ninonick0426/Desktop/Quadcopter/Unreal_QuadSim/install/rosflight_sim/lib/rosflight_sim/standalone_dynamics" to ""
-- Up-to-date: /home/ninonick0426/Desktop/Quadcopter/Unreal_QuadSim/install/rosflight_sim/share/rosflight_sim/launch
-- Installing: /home/ninonick0426/Desktop/Quadcopter/Unreal_QuadSim/install/rosflight_sim/share/rosflight_sim/launch/standalone_sim.launch.py
-- Installing: /home/ninonick0426/Desktop/Quadcopter/Unreal_QuadSim/install/rosflight_sim/share/rosflight_sim/launch/multirotor_standalone.launch.py
-- Installing: /home/ninonick0426/Desktop/Quadcopter/Unreal_QuadSim/install/rosflight_sim/share/rosflight_sim/launch/common_nodes_standalone.launch.py
-- Installing: /home/ninonick0426/Desktop/Quadcopter/Unreal_QuadSim/install/rosflight_sim/share/rosflight_sim/launch/fixedwing_standalone.launch.py
-- Up-to-date: /home/ninonick0426/Desktop/Quadcopter/Unreal_QuadSim/install/rosflight_sim/share/rosflight_sim/params
-- Installing: /home/ninonick0426/Desktop/Quadcopter/Unreal_QuadSim/install/rosflight_sim/share/rosflight_sim/params/standalone_sim_params.yaml
-- Installing: /home/ninonick0426/Desktop/Quadcopter/Unreal_QuadSim/install/rosflight_sim/share/rosflight_sim/config
-- Installing: /home/ninonick0426/Desktop/Quadcopter/Unreal_QuadSim/install/rosflight_sim/share/rosflight_sim/config/standalone_sim.rviz
-- Installing: /home/ninonick0426/Desktop/Quadcopter/Unreal_QuadSim/install/rosflight_sim/share/rosflight_sim/common_resource
-- Installing: /home/ninonick0426/Desktop/Quadcopter/Unreal_QuadSim/install/rosflight_sim/share/rosflight_sim/common_resource/multirotor.dae
-- Installing: /home/ninonick0426/Desktop/Quadcopter/Unreal_QuadSim/install/rosflight_sim/share/rosflight_sim/common_resource/skyhunter.png
-- Installing: /home/ninonick0426/Desktop/Quadcopter/Unreal_QuadSim/install/rosflight_sim/share/rosflight_sim/common_resource/skyhunter.dae
-- Installing: /home/ninonick0426/Desktop/Quadcopter/Unreal_QuadSim/install/rosflight_sim/share/rosflight_sim/standalone_resource
-- Installing: /home/ninonick0426/Desktop/Quadcopter/Unreal_QuadSim/install/rosflight_sim/share/rosflight_sim/standalone_resource/logo.png
