[0.012s] Invoking command in '/home/ninonick0426/Desktop/Quadcopter/Unreal_QuadSim/build/rosflight_sim': CMAKE_PREFIX_PATH=${CMAKE_PREFIX_PATH}:/home/ninonick0426/ros2_ws/install/rosflight_rqt_plugins:/opt/ros/humble /usr/bin/cmake /home/ninonick0426/ros2_ws/src/rosflight_ros_pkgs/rosflight_sim -DCMAKE_INSTALL_PREFIX=/home/ninonick0426/Desktop/Quadcopter/Unreal_QuadSim/install/rosflight_sim
[0.125s] -- The C compiler identification is GNU 11.4.0
[0.210s] -- The CXX compiler identification is GNU 11.4.0
[0.222s] -- Detecting C compiler ABI info
[0.306s] -- Detecting C compiler ABI info - done
[0.314s] -- Check for working C compiler: /usr/bin/cc - skipped
[0.314s] -- Detecting C compile features
[0.315s] -- Detecting C compile features - done
[0.318s] -- Detecting CXX compiler ABI info
[0.413s] -- Detecting CXX compiler ABI info - done
[0.421s] -- Check for working CXX compiler: /usr/bin/c++ - skipped
[0.421s] -- Detecting CXX compile features
[0.422s] -- Detecting CXX compile features - done
[0.426s] -- Found ament_cmake: 1.3.11 (/opt/ros/humble/share/ament_cmake/cmake)
[0.669s] -- Found Python3: /usr/bin/python3 (found version "3.10.12") found components: Interpreter 
[0.804s] -- Found rclcpp: 16.0.12 (/opt/ros/humble/share/rclcpp/cmake)
[0.871s] -- Found rosidl_generator_c: 3.1.6 (/opt/ros/humble/share/rosidl_generator_c/cmake)
[0.878s] -- Found rosidl_adapter: 3.1.6 (/opt/ros/humble/share/rosidl_adapter/cmake)
[0.889s] -- Found rosidl_generator_cpp: 3.1.6 (/opt/ros/humble/share/rosidl_generator_cpp/cmake)
[0.905s] -- Using all available rosidl_typesupport_c: rosidl_typesupport_fastrtps_c;rosidl_typesupport_introspection_c
[0.927s] -- Using all available rosidl_typesupport_cpp: rosidl_typesupport_fastrtps_cpp;rosidl_typesupport_introspection_cpp
[0.988s] -- Found rmw_implementation_cmake: 6.1.2 (/opt/ros/humble/share/rmw_implementation_cmake/cmake)
[0.993s] -- Found rmw_fastrtps_cpp: 6.2.7 (/opt/ros/humble/share/rmw_fastrtps_cpp/cmake)
[1.116s] -- Found OpenSSL: /usr/lib/x86_64-linux-gnu/libcrypto.so (found version "3.0.2")  
[1.153s] -- Found FastRTPS: /opt/ros/humble/include  
[1.209s] -- Using RMW implementation 'rmw_fastrtps_cpp' as default
[1.224s] -- Looking for pthread.h
[1.318s] -- Looking for pthread.h - found
[1.318s] -- Performing Test CMAKE_HAVE_LIBC_PTHREAD
[1.405s] -- Performing Test CMAKE_HAVE_LIBC_PTHREAD - Success
[1.406s] -- Found Threads: TRUE  
[1.483s] -- Found rclpy: 3.3.16 (/opt/ros/humble/share/rclpy/cmake)
[1.486s] -- Found std_srvs: 4.9.0 (/opt/ros/humble/share/std_srvs/cmake)
[1.502s] -- Found sensor_msgs: 4.9.0 (/opt/ros/humble/share/sensor_msgs/cmake)
[1.543s] -- Found rosflight_msgs: 2.0.0 (/home/ninonick0426/ros2_ws/install/rosflight_msgs/share/rosflight_msgs/cmake)
[1.593s] -- Found Boost: /usr/lib/x86_64-linux-gnu/cmake/Boost-1.74.0/BoostConfig.cmake (found version "1.74.0") found components: system thread 
[1.620s] -- Found tf2: 0.25.13 (/opt/ros/humble/share/tf2/cmake)
[1.635s] -- Found tf2_geometry_msgs: 0.25.13 (/opt/ros/humble/share/tf2_geometry_msgs/cmake)
[1.647s] -- Found eigen3_cmake_module: 0.1.1 (/opt/ros/humble/share/eigen3_cmake_module/cmake)
[1.649s] -- Found Eigen3: TRUE (found version "3.4.0") 
[1.649s] -- Ensuring Eigen3 include directory is part of orocos-kdl CMake target
[1.780s] -- Found visualization_msgs: 4.9.0 (/opt/ros/humble/share/visualization_msgs/cmake)
[1.914s] -- Configuring done
[1.967s] -- Generating done
[1.986s] -- Build files have been written to: /home/ninonick0426/Desktop/Quadcopter/Unreal_QuadSim/build/rosflight_sim
[2.007s] Invoked command in '/home/ninonick0426/Desktop/Quadcopter/Unreal_QuadSim/build/rosflight_sim' returned '0': CMAKE_PREFIX_PATH=${CMAKE_PREFIX_PATH}:/home/ninonick0426/ros2_ws/install/rosflight_rqt_plugins:/opt/ros/humble /usr/bin/cmake /home/ninonick0426/ros2_ws/src/rosflight_ros_pkgs/rosflight_sim -DCMAKE_INSTALL_PREFIX=/home/ninonick0426/Desktop/Quadcopter/Unreal_QuadSim/install/rosflight_sim
[2.009s] Invoking command in '/home/ninonick0426/Desktop/Quadcopter/Unreal_QuadSim/build/rosflight_sim': CMAKE_PREFIX_PATH=${CMAKE_PREFIX_PATH}:/home/ninonick0426/ros2_ws/install/rosflight_rqt_plugins:/opt/ros/humble /usr/bin/cmake --build /home/ninonick0426/Desktop/Quadcopter/Unreal_QuadSim/build/rosflight_sim -- -j16 -l16
[2.083s] [  8%] Building CXX object simulators/standalone_sim/CMakeFiles/standalone_time_manager.dir/src/standalone_time_manager.cpp.o
[2.083s] [  8%] Building CXX object simulators/standalone_sim/CMakeFiles/standalone_viz_transcriber.dir/src/standalone_viz_transcriber.cpp.o
[2.083s] [  8%] Building CXX object CMakeFiles/rosflight_firmware.dir/home/ninonick0426/ros2_ws/src/rosflight_ros_pkgs/rosflight_firmware/src/estimator.cpp.o
[2.084s] [ 11%] Building CXX object simulators/standalone_sim/CMakeFiles/standalone_time_manager.dir/__/__/src/time_manager_interface.cpp.o
[2.084s] [ 16%] Building CXX object simulators/standalone_sim/CMakeFiles/multirotor_forces_and_moments.dir/src/multirotor_forces_and_moments.cpp.o
[2.086s] [ 16%] Building CXX object CMakeFiles/rosflight_sil_manager.dir/src/rosflight_sil.cpp.o
[2.086s] [ 19%] Building CXX object CMakeFiles/rosflight_firmware.dir/home/ninonick0426/ros2_ws/src/rosflight_ros_pkgs/rosflight_firmware/src/mixer.cpp.o
[2.086s] [ 22%] Building CXX object CMakeFiles/rosflight_firmware.dir/home/ninonick0426/ros2_ws/src/rosflight_ros_pkgs/rosflight_firmware/src/controller.cpp.o
[2.087s] [ 27%] Building CXX object simulators/standalone_sim/CMakeFiles/standalone_dynamics.dir/__/__/src/dynamics_interface.cpp.o
[2.087s] [ 27%] Building CXX object simulators/standalone_sim/CMakeFiles/standalone_sensors.dir/__/__/src/sensor_interface.cpp.o
[2.087s] [ 30%] Building CXX object CMakeFiles/rosflight_firmware.dir/home/ninonick0426/ros2_ws/src/rosflight_ros_pkgs/rosflight_firmware/src/rosflight.cpp.o
[2.087s] [ 33%] Building CXX object CMakeFiles/rosflight_firmware.dir/home/ninonick0426/ros2_ws/src/rosflight_ros_pkgs/rosflight_firmware/src/param.cpp.o
[2.087s] [ 36%] Building CXX object simulators/standalone_sim/CMakeFiles/multirotor_forces_and_moments.dir/__/__/src/forces_and_moments_interface.cpp.o
[2.094s] [ 38%] Building CXX object simulators/standalone_sim/CMakeFiles/standalone_dynamics.dir/src/standalone_dynamics.cpp.o
[2.094s] [ 41%] Building CXX object simulators/standalone_sim/CMakeFiles/standalone_sensors.dir/src/standalone_sensors.cpp.o
[2.094s] [ 44%] Building CXX object simulators/standalone_sim/CMakeFiles/fixedwing_forces_and_moments.dir/__/__/src/forces_and_moments_interface.cpp.o
[4.439s] [ 47%] Building CXX object simulators/standalone_sim/CMakeFiles/fixedwing_forces_and_moments.dir/src/fixedwing_forces_and_moments.cpp.o
[4.475s] [ 50%] Building CXX object CMakeFiles/rosflight_firmware.dir/home/ninonick0426/ros2_ws/src/rosflight_ros_pkgs/rosflight_firmware/src/state_manager.cpp.o
[4.498s] [ 52%] Building CXX object CMakeFiles/rosflight_firmware.dir/home/ninonick0426/ros2_ws/src/rosflight_ros_pkgs/rosflight_firmware/src/rc.cpp.o
[4.539s] [ 55%] Building CXX object CMakeFiles/rosflight_firmware.dir/home/ninonick0426/ros2_ws/src/rosflight_ros_pkgs/rosflight_firmware/src/command_manager.cpp.o
[6.611s] [ 58%] Building CXX object CMakeFiles/rosflight_firmware.dir/home/ninonick0426/ros2_ws/src/rosflight_ros_pkgs/rosflight_firmware/src/sensors.cpp.o
[6.766s] [ 61%] Building CXX object CMakeFiles/rosflight_firmware.dir/home/ninonick0426/ros2_ws/src/rosflight_ros_pkgs/rosflight_firmware/src/comm_manager.cpp.o
[6.883s] [ 63%] Building CXX object CMakeFiles/rosflight_firmware.dir/home/ninonick0426/ros2_ws/src/rosflight_ros_pkgs/rosflight_firmware/comms/mavlink/mavlink.cpp.o
[8.586s] [ 66%] Building CXX object CMakeFiles/rosflight_firmware.dir/home/ninonick0426/ros2_ws/src/rosflight_ros_pkgs/rosflight_firmware/lib/turbomath/turbomath.cpp.o
[13.085s] [ 69%] Linking CXX executable rosflight_sil_manager
[13.390s] [ 69%] Built target rosflight_sil_manager
[14.739s] [ 72%] Linking CXX executable standalone_time_manager
[15.024s] [ 72%] Built target standalone_time_manager
[18.341s] [ 75%] Linking CXX static library librosflight_firmware.a
[18.531s] [ 75%] Built target rosflight_firmware
[18.562s] [ 80%] Building CXX object CMakeFiles/sil_board.dir/src/sil_board_ros.cpp.o
[18.563s] [ 80%] Building CXX object CMakeFiles/sil_board.dir/src/sil_board.cpp.o
[18.564s] [ 83%] Building CXX object CMakeFiles/sil_board.dir/src/udp_board.cpp.o
[22.748s] [ 86%] Linking CXX executable standalone_dynamics
[23.127s] [ 86%] Built target standalone_dynamics
[23.436s] [ 88%] Linking CXX executable standalone_viz_transcriber
[23.770s] [ 88%] Built target standalone_viz_transcriber
[46.159s] [ 91%] Linking CXX executable standalone_sensors
[46.548s] [ 91%] Built target standalone_sensors
[52.429s] [ 94%] Linking CXX executable multirotor_forces_and_moments
[52.751s] [ 94%] Built target multirotor_forces_and_moments
[53.371s] [ 97%] Linking CXX executable fixedwing_forces_and_moments
[53.732s] [ 97%] Built target fixedwing_forces_and_moments
[74.475s] [100%] Linking CXX executable sil_board
[74.982s] [100%] Built target sil_board
[74.997s] Invoked command in '/home/ninonick0426/Desktop/Quadcopter/Unreal_QuadSim/build/rosflight_sim' returned '0': CMAKE_PREFIX_PATH=${CMAKE_PREFIX_PATH}:/home/ninonick0426/ros2_ws/install/rosflight_rqt_plugins:/opt/ros/humble /usr/bin/cmake --build /home/ninonick0426/Desktop/Quadcopter/Unreal_QuadSim/build/rosflight_sim -- -j16 -l16
[75.010s] Invoking command in '/home/ninonick0426/Desktop/Quadcopter/Unreal_QuadSim/build/rosflight_sim': CMAKE_PREFIX_PATH=${CMAKE_PREFIX_PATH}:/home/ninonick0426/ros2_ws/install/rosflight_rqt_plugins:/opt/ros/humble /usr/bin/cmake --install /home/ninonick0426/Desktop/Quadcopter/Unreal_QuadSim/build/rosflight_sim
[75.018s] -- Install configuration: "Release"
[75.018s] -- Installing: /home/ninonick0426/Desktop/Quadcopter/Unreal_QuadSim/install/rosflight_sim/share/rosflight_sim/environment/library_path.sh
[75.018s] -- Installing: /home/ninonick0426/Desktop/Quadcopter/Unreal_QuadSim/install/rosflight_sim/share/rosflight_sim/environment/library_path.dsv
[75.018s] -- Installing: /home/ninonick0426/Desktop/Quadcopter/Unreal_QuadSim/install/rosflight_sim/lib/librosflight_firmware.a
[75.019s] -- Installing: /home/ninonick0426/Desktop/Quadcopter/Unreal_QuadSim/install/rosflight_sim/lib/rosflight_sim/rosflight_sil_manager
[75.020s] -- Set runtime path of "/home/ninonick0426/Desktop/Quadcopter/Unreal_QuadSim/install/rosflight_sim/lib/rosflight_sim/rosflight_sil_manager" to ""
[75.020s] -- Installing: /home/ninonick0426/Desktop/Quadcopter/Unreal_QuadSim/install/rosflight_sim/lib/rosflight_sim/sil_board
[75.025s] -- Set runtime path of "/home/ninonick0426/Desktop/Quadcopter/Unreal_QuadSim/install/rosflight_sim/lib/rosflight_sim/sil_board" to ""
[75.026s] -- Installing: /home/ninonick0426/Desktop/Quadcopter/Unreal_QuadSim/install/rosflight_sim/share/rosflight_sim/params
[75.026s] -- Installing: /home/ninonick0426/Desktop/Quadcopter/Unreal_QuadSim/install/rosflight_sim/share/rosflight_sim/params/aerosonde_dynamics.yaml
[75.026s] -- Installing: /home/ninonick0426/Desktop/Quadcopter/Unreal_QuadSim/install/rosflight_sim/share/rosflight_sim/params/multirotor_mixing_matrix_params.yaml
[75.026s] -- Installing: /home/ninonick0426/Desktop/Quadcopter/Unreal_QuadSim/install/rosflight_sim/share/rosflight_sim/params/fixedwing_firmware.yaml
[75.026s] -- Installing: /home/ninonick0426/Desktop/Quadcopter/Unreal_QuadSim/install/rosflight_sim/share/rosflight_sim/params/params.md
[75.026s] -- Installing: /home/ninonick0426/Desktop/Quadcopter/Unreal_QuadSim/install/rosflight_sim/share/rosflight_sim/params/multirotor_motor_params.yaml
[75.027s] -- Installing: /home/ninonick0426/Desktop/Quadcopter/Unreal_QuadSim/install/rosflight_sim/share/rosflight_sim/params/multirotor_dynamics.yaml
[75.027s] -- Installing: /home/ninonick0426/Desktop/Quadcopter/Unreal_QuadSim/install/rosflight_sim/share/rosflight_sim/params/anaconda_dynamics.yaml
[75.027s] -- Installing: /home/ninonick0426/Desktop/Quadcopter/Unreal_QuadSim/install/rosflight_sim/share/rosflight_sim/params/multirotor_firmware.yaml
[75.027s] -- Installing: /home/ninonick0426/Desktop/Quadcopter/Unreal_QuadSim/install/rosflight_sim/include/rosflight_sim/rosflight_sim
[75.028s] -- Installing: /home/ninonick0426/Desktop/Quadcopter/Unreal_QuadSim/install/rosflight_sim/include/rosflight_sim/rosflight_sim/udp_board.hpp
[75.028s] -- Installing: /home/ninonick0426/Desktop/Quadcopter/Unreal_QuadSim/install/rosflight_sim/include/rosflight_sim/rosflight_sim/sensor_interface.hpp
[75.028s] -- Installing: /home/ninonick0426/Desktop/Quadcopter/Unreal_QuadSim/install/rosflight_sim/include/rosflight_sim/rosflight_sim/dynamics_interface.hpp
[75.028s] -- Installing: /home/ninonick0426/Desktop/Quadcopter/Unreal_QuadSim/install/rosflight_sim/include/rosflight_sim/rosflight_sim/sil_board_ros.hpp
[75.028s] -- Installing: /home/ninonick0426/Desktop/Quadcopter/Unreal_QuadSim/install/rosflight_sim/include/rosflight_sim/rosflight_sim/rosflight_sil.hpp
[75.028s] -- Installing: /home/ninonick0426/Desktop/Quadcopter/Unreal_QuadSim/install/rosflight_sim/include/rosflight_sim/rosflight_sim/forces_and_moments_interface.hpp
[75.029s] -- Installing: /home/ninonick0426/Desktop/Quadcopter/Unreal_QuadSim/install/rosflight_sim/include/rosflight_sim/rosflight_sim/sil_board.hpp
[75.029s] -- Installing: /home/ninonick0426/Desktop/Quadcopter/Unreal_QuadSim/install/rosflight_sim/include/rosflight_sim/rosflight_sim/time_manager_interface.hpp
[75.029s] -- Installing: /home/ninonick0426/Desktop/Quadcopter/Unreal_QuadSim/install/rosflight_sim/share/rosflight_sim/launch
[75.029s] -- Installing: /home/ninonick0426/Desktop/Quadcopter/Unreal_QuadSim/install/rosflight_sim/share/rosflight_sim/launch/multirotor_init_firmware.launch.py
[75.029s] -- Installing: /home/ninonick0426/Desktop/Quadcopter/Unreal_QuadSim/install/rosflight_sim/share/rosflight_sim/launch/fixedwing_init_firmware.launch.py
[75.029s] -- Installing: /home/ninonick0426/Desktop/Quadcopter/Unreal_QuadSim/install/rosflight_sim/lib/rosflight_sim/rc.py
[75.029s] -- Installing: /home/ninonick0426/Desktop/Quadcopter/Unreal_QuadSim/install/rosflight_sim/lib/rosflight_sim/vimfly.py
[75.030s] -- Installing: /home/ninonick0426/Desktop/Quadcopter/Unreal_QuadSim/install/rosflight_sim/share/ament_index/resource_index/package_run_dependencies/rosflight_sim
[75.030s] -- Installing: /home/ninonick0426/Desktop/Quadcopter/Unreal_QuadSim/install/rosflight_sim/share/ament_index/resource_index/parent_prefix_path/rosflight_sim
[75.030s] -- Installing: /home/ninonick0426/Desktop/Quadcopter/Unreal_QuadSim/install/rosflight_sim/share/rosflight_sim/environment/ament_prefix_path.sh
[75.030s] -- Installing: /home/ninonick0426/Desktop/Quadcopter/Unreal_QuadSim/install/rosflight_sim/share/rosflight_sim/environment/ament_prefix_path.dsv
[75.031s] -- Installing: /home/ninonick0426/Desktop/Quadcopter/Unreal_QuadSim/install/rosflight_sim/share/rosflight_sim/environment/path.sh
[75.031s] -- Installing: /home/ninonick0426/Desktop/Quadcopter/Unreal_QuadSim/install/rosflight_sim/share/rosflight_sim/environment/path.dsv
[75.031s] -- Installing: /home/ninonick0426/Desktop/Quadcopter/Unreal_QuadSim/install/rosflight_sim/share/rosflight_sim/local_setup.bash
[75.031s] -- Installing: /home/ninonick0426/Desktop/Quadcopter/Unreal_QuadSim/install/rosflight_sim/share/rosflight_sim/local_setup.sh
[75.031s] -- Installing: /home/ninonick0426/Desktop/Quadcopter/Unreal_QuadSim/install/rosflight_sim/share/rosflight_sim/local_setup.zsh
[75.031s] -- Installing: /home/ninonick0426/Desktop/Quadcopter/Unreal_QuadSim/install/rosflight_sim/share/rosflight_sim/local_setup.dsv
[75.031s] -- Installing: /home/ninonick0426/Desktop/Quadcopter/Unreal_QuadSim/install/rosflight_sim/share/rosflight_sim/package.dsv
[75.032s] -- Installing: /home/ninonick0426/Desktop/Quadcopter/Unreal_QuadSim/install/rosflight_sim/share/ament_index/resource_index/packages/rosflight_sim
[75.032s] -- Installing: /home/ninonick0426/Desktop/Quadcopter/Unreal_QuadSim/install/rosflight_sim/share/rosflight_sim/cmake/rosflight_firmwareTargetsExport.cmake
[75.032s] -- Installing: /home/ninonick0426/Desktop/Quadcopter/Unreal_QuadSim/install/rosflight_sim/share/rosflight_sim/cmake/rosflight_firmwareTargetsExport-release.cmake
[75.032s] -- Installing: /home/ninonick0426/Desktop/Quadcopter/Unreal_QuadSim/install/rosflight_sim/share/rosflight_sim/cmake/ament_cmake_export_targets-extras.cmake
[75.032s] -- Installing: /home/ninonick0426/Desktop/Quadcopter/Unreal_QuadSim/install/rosflight_sim/share/rosflight_sim/cmake/rosflight_simConfig.cmake
[75.033s] -- Installing: /home/ninonick0426/Desktop/Quadcopter/Unreal_QuadSim/install/rosflight_sim/share/rosflight_sim/cmake/rosflight_simConfig-version.cmake
[75.033s] -- Installing: /home/ninonick0426/Desktop/Quadcopter/Unreal_QuadSim/install/rosflight_sim/share/rosflight_sim/package.xml
[75.033s] Gazebo not found, skipping rosflight_sim
[75.033s] -- Installing: /home/ninonick0426/Desktop/Quadcopter/Unreal_QuadSim/install/rosflight_sim/lib/rosflight_sim/standalone_viz_transcriber
[75.035s] -- Set runtime path of "/home/ninonick0426/Desktop/Quadcopter/Unreal_QuadSim/install/rosflight_sim/lib/rosflight_sim/standalone_viz_transcriber" to ""
[75.035s] -- Installing: /home/ninonick0426/Desktop/Quadcopter/Unreal_QuadSim/install/rosflight_sim/lib/rosflight_sim/standalone_time_manager
[75.036s] -- Set runtime path of "/home/ninonick0426/Desktop/Quadcopter/Unreal_QuadSim/install/rosflight_sim/lib/rosflight_sim/standalone_time_manager" to ""
[75.036s] -- Installing: /home/ninonick0426/Desktop/Quadcopter/Unreal_QuadSim/install/rosflight_sim/lib/rosflight_sim/multirotor_forces_and_moments
[75.038s] -- Set runtime path of "/home/ninonick0426/Desktop/Quadcopter/Unreal_QuadSim/install/rosflight_sim/lib/rosflight_sim/multirotor_forces_and_moments" to ""
[75.038s] -- Installing: /home/ninonick0426/Desktop/Quadcopter/Unreal_QuadSim/install/rosflight_sim/lib/rosflight_sim/fixedwing_forces_and_moments
[75.041s] -- Set runtime path of "/home/ninonick0426/Desktop/Quadcopter/Unreal_QuadSim/install/rosflight_sim/lib/rosflight_sim/fixedwing_forces_and_moments" to ""
[75.042s] -- Installing: /home/ninonick0426/Desktop/Quadcopter/Unreal_QuadSim/install/rosflight_sim/lib/rosflight_sim/standalone_sensors
[75.045s] -- Set runtime path of "/home/ninonick0426/Desktop/Quadcopter/Unreal_QuadSim/install/rosflight_sim/lib/rosflight_sim/standalone_sensors" to ""
[75.045s] -- Installing: /home/ninonick0426/Desktop/Quadcopter/Unreal_QuadSim/install/rosflight_sim/lib/rosflight_sim/standalone_dynamics
[75.046s] -- Set runtime path of "/home/ninonick0426/Desktop/Quadcopter/Unreal_QuadSim/install/rosflight_sim/lib/rosflight_sim/standalone_dynamics" to ""
[75.046s] -- Up-to-date: /home/ninonick0426/Desktop/Quadcopter/Unreal_QuadSim/install/rosflight_sim/share/rosflight_sim/launch
[75.047s] -- Installing: /home/ninonick0426/Desktop/Quadcopter/Unreal_QuadSim/install/rosflight_sim/share/rosflight_sim/launch/standalone_sim.launch.py
[75.047s] -- Installing: /home/ninonick0426/Desktop/Quadcopter/Unreal_QuadSim/install/rosflight_sim/share/rosflight_sim/launch/multirotor_standalone.launch.py
[75.047s] -- Installing: /home/ninonick0426/Desktop/Quadcopter/Unreal_QuadSim/install/rosflight_sim/share/rosflight_sim/launch/common_nodes_standalone.launch.py
[75.047s] -- Installing: /home/ninonick0426/Desktop/Quadcopter/Unreal_QuadSim/install/rosflight_sim/share/rosflight_sim/launch/fixedwing_standalone.launch.py
[75.047s] -- Up-to-date: /home/ninonick0426/Desktop/Quadcopter/Unreal_QuadSim/install/rosflight_sim/share/rosflight_sim/params
[75.047s] -- Installing: /home/ninonick0426/Desktop/Quadcopter/Unreal_QuadSim/install/rosflight_sim/share/rosflight_sim/params/standalone_sim_params.yaml
[75.047s] -- Installing: /home/ninonick0426/Desktop/Quadcopter/Unreal_QuadSim/install/rosflight_sim/share/rosflight_sim/config
[75.047s] -- Installing: /home/ninonick0426/Desktop/Quadcopter/Unreal_QuadSim/install/rosflight_sim/share/rosflight_sim/config/standalone_sim.rviz
[75.047s] -- Installing: /home/ninonick0426/Desktop/Quadcopter/Unreal_QuadSim/install/rosflight_sim/share/rosflight_sim/common_resource
[75.048s] -- Installing: /home/ninonick0426/Desktop/Quadcopter/Unreal_QuadSim/install/rosflight_sim/share/rosflight_sim/common_resource/multirotor.dae
[75.048s] -- Installing: /home/ninonick0426/Desktop/Quadcopter/Unreal_QuadSim/install/rosflight_sim/share/rosflight_sim/common_resource/skyhunter.png
[75.257s] -- Installing: /home/ninonick0426/Desktop/Quadcopter/Unreal_QuadSim/install/rosflight_sim/share/rosflight_sim/common_resource/skyhunter.dae
[75.268s] -- Installing: /home/ninonick0426/Desktop/Quadcopter/Unreal_QuadSim/install/rosflight_sim/share/rosflight_sim/standalone_resource
[75.268s] -- Installing: /home/ninonick0426/Desktop/Quadcopter/Unreal_QuadSim/install/rosflight_sim/share/rosflight_sim/standalone_resource/logo.png
[75.271s] Invoked command in '/home/ninonick0426/Desktop/Quadcopter/Unreal_QuadSim/build/rosflight_sim' returned '0': CMAKE_PREFIX_PATH=${CMAKE_PREFIX_PATH}:/home/ninonick0426/ros2_ws/install/rosflight_rqt_plugins:/opt/ros/humble /usr/bin/cmake --install /home/ninonick0426/Desktop/Quadcopter/Unreal_QuadSim/build/rosflight_sim
