[0.016s] Invoking command in '/home/ninonick0426/Desktop/Quadcopter/Unreal_QuadSim/build/unreal_sim_config': AMENT_PREFIX_PATH=/home/ninonick0426/Desktop/Quadcopter/Unreal_QuadSim/install/rosflight_sim:${AMENT_PREFIX_PATH} CMAKE_PREFIX_PATH=/home/ninonick0426/Desktop/Quadcopter/Unreal_QuadSim/install/rosflight_sim:/home/ninonick0426/ros2_ws/install/unreal_sim_config:/home/ninonick0426/ros2_ws/install/rosflight_pkgs:/home/ninonick0426/ros2_ws/install/rosflight_sim:/home/ninonick0426/ros2_ws/install/rosflight_gcs:/home/ninonick0426/ros2_ws/install/rosflight_io:/home/ninonick0426/ros2_ws/install/rosflight_msgs:/home/ninonick0426/ros2_ws/install/eigen_stl_containers:/home/ninonick0426/ros2_ws/install/rosflight_rqt_plugins:/opt/ros/humble LD_LIBRARY_PATH=/home/ninonick0426/Desktop/Quadcopter/Unreal_QuadSim/install/rosflight_sim/lib:${LD_LIBRARY_PATH} /usr/bin/cmake --build /home/ninonick0426/Desktop/Quadcopter/Unreal_QuadSim/build/unreal_sim_config -- -j16 -l16
[0.089s] Invoked command in '/home/ninonick0426/Desktop/Quadcopter/Unreal_QuadSim/build/unreal_sim_config' returned '0': AMENT_PREFIX_PATH=/home/ninonick0426/Desktop/Quadcopter/Unreal_QuadSim/install/rosflight_sim:${AMENT_PREFIX_PATH} CMAKE_PREFIX_PATH=/home/ninonick0426/Desktop/Quadcopter/Unreal_QuadSim/install/rosflight_sim:/home/ninonick0426/ros2_ws/install/unreal_sim_config:/home/ninonick0426/ros2_ws/install/rosflight_pkgs:/home/ninonick0426/ros2_ws/install/rosflight_sim:/home/ninonick0426/ros2_ws/install/rosflight_gcs:/home/ninonick0426/ros2_ws/install/rosflight_io:/home/ninonick0426/ros2_ws/install/rosflight_msgs:/home/ninonick0426/ros2_ws/install/eigen_stl_containers:/home/ninonick0426/ros2_ws/install/rosflight_rqt_plugins:/opt/ros/humble LD_LIBRARY_PATH=/home/ninonick0426/Desktop/Quadcopter/Unreal_QuadSim/install/rosflight_sim/lib:${LD_LIBRARY_PATH} /usr/bin/cmake --build /home/ninonick0426/Desktop/Quadcopter/Unreal_QuadSim/build/unreal_sim_config -- -j16 -l16
[0.102s] Invoking command in '/home/ninonick0426/Desktop/Quadcopter/Unreal_QuadSim/build/unreal_sim_config': AMENT_PREFIX_PATH=/home/ninonick0426/Desktop/Quadcopter/Unreal_QuadSim/install/rosflight_sim:${AMENT_PREFIX_PATH} CMAKE_PREFIX_PATH=/home/ninonick0426/Desktop/Quadcopter/Unreal_QuadSim/install/rosflight_sim:/home/ninonick0426/ros2_ws/install/unreal_sim_config:/home/ninonick0426/ros2_ws/install/rosflight_pkgs:/home/ninonick0426/ros2_ws/install/rosflight_sim:/home/ninonick0426/ros2_ws/install/rosflight_gcs:/home/ninonick0426/ros2_ws/install/rosflight_io:/home/ninonick0426/ros2_ws/install/rosflight_msgs:/home/ninonick0426/ros2_ws/install/eigen_stl_containers:/home/ninonick0426/ros2_ws/install/rosflight_rqt_plugins:/opt/ros/humble LD_LIBRARY_PATH=/home/ninonick0426/Desktop/Quadcopter/Unreal_QuadSim/install/rosflight_sim/lib:${LD_LIBRARY_PATH} /usr/bin/cmake --install /home/ninonick0426/Desktop/Quadcopter/Unreal_QuadSim/build/unreal_sim_config
[0.114s] -- Install configuration: ""
[0.114s] -- Up-to-date: /home/ninonick0426/Desktop/Quadcopter/Unreal_QuadSim/install/unreal_sim_config/share/unreal_sim_config//launch
[0.114s] -- Installing: /home/ninonick0426/Desktop/Quadcopter/Unreal_QuadSim/install/unreal_sim_config/share/unreal_sim_config//launch/unreal_sim.launch.py
[0.114s] -- Installing: /home/ninonick0426/Desktop/Quadcopter/Unreal_QuadSim/install/unreal_sim_config/share/unreal_sim_config//launch/unreal_realtime.launch.py
[0.114s] -- Up-to-date: /home/ninonick0426/Desktop/Quadcopter/Unreal_QuadSim/install/unreal_sim_config/share/unreal_sim_config//params
[0.114s] -- Installing: /home/ninonick0426/Desktop/Quadcopter/Unreal_QuadSim/install/unreal_sim_config/share/unreal_sim_config//params/custom_multirotor_firmware.yaml
[0.115s] -- Up-to-date: /home/ninonick0426/Desktop/Quadcopter/Unreal_QuadSim/install/unreal_sim_config/share/unreal_sim_config//params/multirotor_dynamics.yaml
[0.115s] -- Up-to-date: /home/ninonick0426/Desktop/Quadcopter/Unreal_QuadSim/install/unreal_sim_config/share/unreal_sim_config//params/custom_multirotor_complete.yaml
[0.116s] -- Up-to-date: /home/ninonick0426/Desktop/Quadcopter/Unreal_QuadSim/install/unreal_sim_config/share/unreal_sim_config//rosflight_memory
[0.116s] -- Up-to-date: /home/ninonick0426/Desktop/Quadcopter/Unreal_QuadSim/install/unreal_sim_config/lib/unreal_sim_config/velocity_commander.py
[0.116s] -- Up-to-date: /home/ninonick0426/Desktop/Quadcopter/Unreal_QuadSim/install/unreal_sim_config/lib/unreal_sim_config/unreal_velocity_bridge.py
[0.116s] -- Up-to-date: /home/ninonick0426/Desktop/Quadcopter/Unreal_QuadSim/install/unreal_sim_config/lib/unreal_sim_config/armed_state_monitor.py
[0.116s] -- Up-to-date: /home/ninonick0426/Desktop/Quadcopter/Unreal_QuadSim/install/unreal_sim_config/lib/unreal_sim_config/arm_drone.py
[0.116s] -- Up-to-date: /home/ninonick0426/Desktop/Quadcopter/Unreal_QuadSim/install/unreal_sim_config/share/ament_index/resource_index/package_run_dependencies/unreal_sim_config
[0.116s] -- Up-to-date: /home/ninonick0426/Desktop/Quadcopter/Unreal_QuadSim/install/unreal_sim_config/share/ament_index/resource_index/parent_prefix_path/unreal_sim_config
[0.116s] -- Up-to-date: /home/ninonick0426/Desktop/Quadcopter/Unreal_QuadSim/install/unreal_sim_config/share/unreal_sim_config/environment/ament_prefix_path.sh
[0.116s] -- Up-to-date: /home/ninonick0426/Desktop/Quadcopter/Unreal_QuadSim/install/unreal_sim_config/share/unreal_sim_config/environment/ament_prefix_path.dsv
[0.116s] -- Up-to-date: /home/ninonick0426/Desktop/Quadcopter/Unreal_QuadSim/install/unreal_sim_config/share/unreal_sim_config/environment/path.sh
[0.116s] -- Up-to-date: /home/ninonick0426/Desktop/Quadcopter/Unreal_QuadSim/install/unreal_sim_config/share/unreal_sim_config/environment/path.dsv
[0.116s] -- Up-to-date: /home/ninonick0426/Desktop/Quadcopter/Unreal_QuadSim/install/unreal_sim_config/share/unreal_sim_config/local_setup.bash
[0.117s] -- Up-to-date: /home/ninonick0426/Desktop/Quadcopter/Unreal_QuadSim/install/unreal_sim_config/share/unreal_sim_config/local_setup.sh
[0.117s] -- Up-to-date: /home/ninonick0426/Desktop/Quadcopter/Unreal_QuadSim/install/unreal_sim_config/share/unreal_sim_config/local_setup.zsh
[0.117s] -- Up-to-date: /home/ninonick0426/Desktop/Quadcopter/Unreal_QuadSim/install/unreal_sim_config/share/unreal_sim_config/local_setup.dsv
[0.117s] -- Installing: /home/ninonick0426/Desktop/Quadcopter/Unreal_QuadSim/install/unreal_sim_config/share/unreal_sim_config/package.dsv
[0.117s] -- Up-to-date: /home/ninonick0426/Desktop/Quadcopter/Unreal_QuadSim/install/unreal_sim_config/share/ament_index/resource_index/packages/unreal_sim_config
[0.117s] -- Up-to-date: /home/ninonick0426/Desktop/Quadcopter/Unreal_QuadSim/install/unreal_sim_config/share/unreal_sim_config/cmake/unreal_sim_configConfig.cmake
[0.117s] -- Up-to-date: /home/ninonick0426/Desktop/Quadcopter/Unreal_QuadSim/install/unreal_sim_config/share/unreal_sim_config/cmake/unreal_sim_configConfig-version.cmake
[0.117s] -- Up-to-date: /home/ninonick0426/Desktop/Quadcopter/Unreal_QuadSim/install/unreal_sim_config/share/unreal_sim_config/package.xml
[0.118s] Invoked command in '/home/ninonick0426/Desktop/Quadcopter/Unreal_QuadSim/build/unreal_sim_config' returned '0': AMENT_PREFIX_PATH=/home/ninonick0426/Desktop/Quadcopter/Unreal_QuadSim/install/rosflight_sim:${AMENT_PREFIX_PATH} CMAKE_PREFIX_PATH=/home/ninonick0426/Desktop/Quadcopter/Unreal_QuadSim/install/rosflight_sim:/home/ninonick0426/ros2_ws/install/unreal_sim_config:/home/ninonick0426/ros2_ws/install/rosflight_pkgs:/home/ninonick0426/ros2_ws/install/rosflight_sim:/home/ninonick0426/ros2_ws/install/rosflight_gcs:/home/ninonick0426/ros2_ws/install/rosflight_io:/home/ninonick0426/ros2_ws/install/rosflight_msgs:/home/ninonick0426/ros2_ws/install/eigen_stl_containers:/home/ninonick0426/ros2_ws/install/rosflight_rqt_plugins:/opt/ros/humble LD_LIBRARY_PATH=/home/ninonick0426/Desktop/Quadcopter/Unreal_QuadSim/install/rosflight_sim/lib:${LD_LIBRARY_PATH} /usr/bin/cmake --install /home/ninonick0426/Desktop/Quadcopter/Unreal_QuadSim/build/unreal_sim_config
