[0.012s] Invoking command in '/home/ninonick0426/Desktop/Quadcopter/Unreal_QuadSim/build/unreal_sim_config': CMAKE_PREFIX_PATH=${CMAKE_PREFIX_PATH}:/home/ninonick0426/ros2_ws/install/rosflight_rqt_plugins:/opt/ros/humble /usr/bin/cmake /home/ninonick0426/ros2_ws/src/unreal_sim_config -DCMAKE_INSTALL_PREFIX=/home/ninonick0426/Desktop/Quadcopter/Unreal_QuadSim/install/unreal_sim_config
[0.125s] -- The C compiler identification is GNU 11.4.0
[0.213s] -- The CXX compiler identification is GNU 11.4.0
[0.224s] -- Detecting C compiler ABI info
[0.313s] -- Detecting C compiler ABI info - done
[0.318s] -- Check for working C compiler: /usr/bin/cc - skipped
[0.320s] -- Detecting C compile features
[0.320s] -- Detecting C compile features - done
[0.324s] -- Detecting CXX compiler ABI info
[0.421s] -- Detecting CXX compiler ABI info - done
[0.427s] -- Check for working CXX compiler: /usr/bin/c++ - skipped
[0.427s] -- Detecting CXX compile features
[0.427s] -- Detecting CXX compile features - done
[0.438s] -- Found ament_cmake: 1.3.11 (/opt/ros/humble/share/ament_cmake/cmake)
[0.651s] -- Found Python3: /usr/bin/python3 (found version "3.10.12") found components: Interpreter 
[0.855s] -- Configuring done
[0.857s] -- Generating done
[0.859s] -- Build files have been written to: /home/ninonick0426/Desktop/Quadcopter/Unreal_QuadSim/build/unreal_sim_config
[0.866s] Invoked command in '/home/ninonick0426/Desktop/Quadcopter/Unreal_QuadSim/build/unreal_sim_config' returned '0': CMAKE_PREFIX_PATH=${CMAKE_PREFIX_PATH}:/home/ninonick0426/ros2_ws/install/rosflight_rqt_plugins:/opt/ros/humble /usr/bin/cmake /home/ninonick0426/ros2_ws/src/unreal_sim_config -DCMAKE_INSTALL_PREFIX=/home/ninonick0426/Desktop/Quadcopter/Unreal_QuadSim/install/unreal_sim_config
[0.868s] Invoking command in '/home/ninonick0426/Desktop/Quadcopter/Unreal_QuadSim/build/unreal_sim_config': CMAKE_PREFIX_PATH=${CMAKE_PREFIX_PATH}:/home/ninonick0426/ros2_ws/install/rosflight_rqt_plugins:/opt/ros/humble /usr/bin/cmake --build /home/ninonick0426/Desktop/Quadcopter/Unreal_QuadSim/build/unreal_sim_config -- -j16 -l16
[0.918s] Invoked command in '/home/ninonick0426/Desktop/Quadcopter/Unreal_QuadSim/build/unreal_sim_config' returned '0': CMAKE_PREFIX_PATH=${CMAKE_PREFIX_PATH}:/home/ninonick0426/ros2_ws/install/rosflight_rqt_plugins:/opt/ros/humble /usr/bin/cmake --build /home/ninonick0426/Desktop/Quadcopter/Unreal_QuadSim/build/unreal_sim_config -- -j16 -l16
[0.929s] Invoking command in '/home/ninonick0426/Desktop/Quadcopter/Unreal_QuadSim/build/unreal_sim_config': CMAKE_PREFIX_PATH=${CMAKE_PREFIX_PATH}:/home/ninonick0426/ros2_ws/install/rosflight_rqt_plugins:/opt/ros/humble /usr/bin/cmake --install /home/ninonick0426/Desktop/Quadcopter/Unreal_QuadSim/build/unreal_sim_config
[0.939s] -- Install configuration: ""
[0.939s] -- Installing: /home/ninonick0426/Desktop/Quadcopter/Unreal_QuadSim/install/unreal_sim_config/share/unreal_sim_config//launch
[0.939s] -- Installing: /home/ninonick0426/Desktop/Quadcopter/Unreal_QuadSim/install/unreal_sim_config/share/unreal_sim_config//launch/unreal_sim.launch.py
[0.939s] -- Installing: /home/ninonick0426/Desktop/Quadcopter/Unreal_QuadSim/install/unreal_sim_config/share/unreal_sim_config//params
[0.940s] -- Installing: /home/ninonick0426/Desktop/Quadcopter/Unreal_QuadSim/install/unreal_sim_config/share/unreal_sim_config//params/custom_multirotor_firmware.yaml
[0.940s] -- Installing: /home/ninonick0426/Desktop/Quadcopter/Unreal_QuadSim/install/unreal_sim_config/share/unreal_sim_config//params/multirotor_dynamics.yaml
[0.940s] -- Installing: /home/ninonick0426/Desktop/Quadcopter/Unreal_QuadSim/install/unreal_sim_config/share/unreal_sim_config//rosflight_memory
[0.940s] -- Installing: /home/ninonick0426/Desktop/Quadcopter/Unreal_QuadSim/install/unreal_sim_config/share/unreal_sim_config//rosflight_memory/mem.bin
[0.940s] -- Installing: /home/ninonick0426/Desktop/Quadcopter/Unreal_QuadSim/install/unreal_sim_config/share/ament_index/resource_index/package_run_dependencies/unreal_sim_config
[0.941s] -- Installing: /home/ninonick0426/Desktop/Quadcopter/Unreal_QuadSim/install/unreal_sim_config/share/ament_index/resource_index/parent_prefix_path/unreal_sim_config
[0.941s] -- Installing: /home/ninonick0426/Desktop/Quadcopter/Unreal_QuadSim/install/unreal_sim_config/share/unreal_sim_config/environment/ament_prefix_path.sh
[0.941s] -- Installing: /home/ninonick0426/Desktop/Quadcopter/Unreal_QuadSim/install/unreal_sim_config/share/unreal_sim_config/environment/ament_prefix_path.dsv
[0.941s] -- Installing: /home/ninonick0426/Desktop/Quadcopter/Unreal_QuadSim/install/unreal_sim_config/share/unreal_sim_config/environment/path.sh
[0.941s] -- Installing: /home/ninonick0426/Desktop/Quadcopter/Unreal_QuadSim/install/unreal_sim_config/share/unreal_sim_config/environment/path.dsv
[0.941s] -- Installing: /home/ninonick0426/Desktop/Quadcopter/Unreal_QuadSim/install/unreal_sim_config/share/unreal_sim_config/local_setup.bash
[0.942s] -- Installing: /home/ninonick0426/Desktop/Quadcopter/Unreal_QuadSim/install/unreal_sim_config/share/unreal_sim_config/local_setup.sh
[0.942s] -- Installing: /home/ninonick0426/Desktop/Quadcopter/Unreal_QuadSim/install/unreal_sim_config/share/unreal_sim_config/local_setup.zsh
[0.942s] -- Installing: /home/ninonick0426/Desktop/Quadcopter/Unreal_QuadSim/install/unreal_sim_config/share/unreal_sim_config/local_setup.dsv
[0.942s] -- Installing: /home/ninonick0426/Desktop/Quadcopter/Unreal_QuadSim/install/unreal_sim_config/share/unreal_sim_config/package.dsv
[0.943s] -- Installing: /home/ninonick0426/Desktop/Quadcopter/Unreal_QuadSim/install/unreal_sim_config/share/ament_index/resource_index/packages/unreal_sim_config
[0.943s] -- Installing: /home/ninonick0426/Desktop/Quadcopter/Unreal_QuadSim/install/unreal_sim_config/share/unreal_sim_config/cmake/unreal_sim_configConfig.cmake
[0.943s] -- Installing: /home/ninonick0426/Desktop/Quadcopter/Unreal_QuadSim/install/unreal_sim_config/share/unreal_sim_config/cmake/unreal_sim_configConfig-version.cmake
[0.943s] -- Installing: /home/ninonick0426/Desktop/Quadcopter/Unreal_QuadSim/install/unreal_sim_config/share/unreal_sim_config/package.xml
[0.946s] Invoked command in '/home/ninonick0426/Desktop/Quadcopter/Unreal_QuadSim/build/unreal_sim_config' returned '0': CMAKE_PREFIX_PATH=${CMAKE_PREFIX_PATH}:/home/ninonick0426/ros2_ws/install/rosflight_rqt_plugins:/opt/ros/humble /usr/bin/cmake --install /home/ninonick0426/Desktop/Quadcopter/Unreal_QuadSim/build/unreal_sim_config
