[0.064s] DEBUG:colcon:Command line arguments: ['/usr/bin/colcon', 'build', '--symlink-install']
[0.064s] DEBUG:colcon:Parsed command line arguments: Namespace(log_base=None, log_level=None, verb_name='build', build_base='build', install_base='install', merge_install=False, symlink_install=True, test_result_base=None, continue_on_error=False, executor='parallel', parallel_workers=20, event_handlers=None, ignore_user_meta=False, metas=['./colcon.meta'], base_paths=['.'], packages_ignore=None, packages_ignore_regex=None, paths=None, packages_up_to=None, packages_up_to_regex=None, packages_above=None, packages_above_and_dependencies=None, packages_above_depth=None, packages_select_by_dep=None, packages_skip_by_dep=None, packages_skip_up_to=None, packages_select_build_failed=False, packages_skip_build_finished=False, packages_select_test_failures=False, packages_skip_test_passed=False, packages_select=None, packages_skip=None, packages_select_regex=None, packages_skip_regex=None, packages_start=None, packages_end=None, allow_overriding=[], cmake_args=None, cmake_target=None, cmake_target_skip_unavailable=False, cmake_clean_cache=False, cmake_clean_first=False, cmake_force_configure=False, ament_cmake_args=None, catkin_cmake_args=None, catkin_skip_building_tests=False, verb_parser=<colcon_defaults.argument_parser.defaults.DefaultArgumentsDecorator object at 0x72b571c583d0>, verb_extension=<colcon_core.verb.build.BuildVerb object at 0x72b571dc9150>, main=<bound method BuildVerb.main of <colcon_core.verb.build.BuildVerb object at 0x72b571dc9150>>)
[0.159s] Level 1:colcon.colcon_core.package_discovery:discover_packages(colcon_meta) check parameters
[0.159s] Level 1:colcon.colcon_core.package_discovery:discover_packages(recursive) check parameters
[0.159s] Level 1:colcon.colcon_core.package_discovery:discover_packages(ignore) check parameters
[0.159s] Level 1:colcon.colcon_core.package_discovery:discover_packages(path) check parameters
[0.159s] Level 1:colcon.colcon_core.package_discovery:discover_packages(colcon_meta) discover
[0.159s] Level 1:colcon.colcon_core.package_discovery:discover_packages(recursive) discover
[0.159s] INFO:colcon.colcon_core.package_discovery:Crawling recursively for packages in '/home/ninonick0426/Documents/GitHub/Unreal_QuadSim/Plugins/QuadSimPlugin/Resnet'
[0.159s] Level 1:colcon.colcon_core.package_identification:_identify(.) by extensions ['ignore', 'ignore_ament_install']
[0.159s] Level 1:colcon.colcon_core.package_identification:_identify(.) by extension 'ignore'
[0.159s] Level 1:colcon.colcon_core.package_identification:_identify(.) by extension 'ignore_ament_install'
[0.159s] Level 1:colcon.colcon_core.package_identification:_identify(.) by extensions ['colcon_pkg']
[0.159s] Level 1:colcon.colcon_core.package_identification:_identify(.) by extension 'colcon_pkg'
[0.159s] Level 1:colcon.colcon_core.package_identification:_identify(.) by extensions ['colcon_meta']
[0.159s] Level 1:colcon.colcon_core.package_identification:_identify(.) by extension 'colcon_meta'
[0.159s] Level 1:colcon.colcon_core.package_identification:_identify(.) by extensions ['ros']
[0.159s] Level 1:colcon.colcon_core.package_identification:_identify(.) by extension 'ros'
[0.183s] DEBUG:colcon.colcon_core.package_identification:Package '.' with type 'ros.ament_python' and name 'adaptive_resnet_controller'
[0.183s] Level 1:colcon.colcon_core.package_discovery:discover_packages(recursive) using defaults
[0.183s] Level 1:colcon.colcon_core.package_discovery:discover_packages(ignore) discover
[0.183s] Level 1:colcon.colcon_core.package_discovery:discover_packages(ignore) using defaults
[0.183s] Level 1:colcon.colcon_core.package_discovery:discover_packages(path) discover
[0.183s] Level 1:colcon.colcon_core.package_discovery:discover_packages(path) using defaults
[0.194s] Level 1:colcon.colcon_core.package_discovery:discover_packages(prefix_path) check parameters
[0.194s] Level 1:colcon.colcon_core.package_discovery:discover_packages(prefix_path) discover
[0.195s] DEBUG:colcon.colcon_installed_package_information.package_discovery:Found 1 installed packages in /home/ninonick0426/ros2_ws/install
[0.196s] DEBUG:colcon.colcon_installed_package_information.package_discovery:Found 271 installed packages in /opt/ros/humble
[0.196s] Level 1:colcon.colcon_core.package_discovery:discover_packages(prefix_path) using defaults
[0.216s] Level 5:colcon.colcon_core.verb:set package 'adaptive_resnet_controller' build argument 'cmake_args' from command line to 'None'
[0.216s] Level 5:colcon.colcon_core.verb:set package 'adaptive_resnet_controller' build argument 'cmake_target' from command line to 'None'
[0.216s] Level 5:colcon.colcon_core.verb:set package 'adaptive_resnet_controller' build argument 'cmake_target_skip_unavailable' from command line to 'False'
[0.216s] Level 5:colcon.colcon_core.verb:set package 'adaptive_resnet_controller' build argument 'cmake_clean_cache' from command line to 'False'
[0.216s] Level 5:colcon.colcon_core.verb:set package 'adaptive_resnet_controller' build argument 'cmake_clean_first' from command line to 'False'
[0.216s] Level 5:colcon.colcon_core.verb:set package 'adaptive_resnet_controller' build argument 'cmake_force_configure' from command line to 'False'
[0.216s] Level 5:colcon.colcon_core.verb:set package 'adaptive_resnet_controller' build argument 'ament_cmake_args' from command line to 'None'
[0.216s] Level 5:colcon.colcon_core.verb:set package 'adaptive_resnet_controller' build argument 'catkin_cmake_args' from command line to 'None'
[0.216s] Level 5:colcon.colcon_core.verb:set package 'adaptive_resnet_controller' build argument 'catkin_skip_building_tests' from command line to 'False'
[0.216s] DEBUG:colcon.colcon_core.verb:Building package 'adaptive_resnet_controller' with the following arguments: {'ament_cmake_args': None, 'build_base': '/home/ninonick0426/Documents/GitHub/Unreal_QuadSim/Plugins/QuadSimPlugin/Resnet/build/adaptive_resnet_controller', 'catkin_cmake_args': None, 'catkin_skip_building_tests': False, 'cmake_args': None, 'cmake_clean_cache': False, 'cmake_clean_first': False, 'cmake_force_configure': False, 'cmake_target': None, 'cmake_target_skip_unavailable': False, 'install_base': '/home/ninonick0426/Documents/GitHub/Unreal_QuadSim/Plugins/QuadSimPlugin/Resnet/install/adaptive_resnet_controller', 'merge_install': False, 'path': '/home/ninonick0426/Documents/GitHub/Unreal_QuadSim/Plugins/QuadSimPlugin/Resnet', 'symlink_install': True, 'test_result_base': None}
[0.216s] INFO:colcon.colcon_core.executor:Executing jobs using 'parallel' executor
[0.217s] DEBUG:colcon.colcon_parallel_executor.executor.parallel:run_until_complete
[0.217s] INFO:colcon.colcon_ros.task.ament_python.build:Building ROS package in '/home/ninonick0426/Documents/GitHub/Unreal_QuadSim/Plugins/QuadSimPlugin/Resnet' with build type 'ament_python'
[0.217s] Level 1:colcon.colcon_core.shell:create_environment_hook('adaptive_resnet_controller', 'ament_prefix_path')
[0.218s] INFO:colcon.colcon_core.plugin_system:Skipping extension 'colcon_core.shell.bat': Not used on non-Windows systems
[0.218s] INFO:colcon.colcon_core.shell:Creating environment hook '/home/ninonick0426/Documents/GitHub/Unreal_QuadSim/Plugins/QuadSimPlugin/Resnet/install/adaptive_resnet_controller/share/adaptive_resnet_controller/hook/ament_prefix_path.ps1'
[0.253s] INFO:colcon.colcon_core.shell:Creating environment descriptor '/home/ninonick0426/Documents/GitHub/Unreal_QuadSim/Plugins/QuadSimPlugin/Resnet/install/adaptive_resnet_controller/share/adaptive_resnet_controller/hook/ament_prefix_path.dsv'
[0.253s] INFO:colcon.colcon_core.shell:Creating environment hook '/home/ninonick0426/Documents/GitHub/Unreal_QuadSim/Plugins/QuadSimPlugin/Resnet/install/adaptive_resnet_controller/share/adaptive_resnet_controller/hook/ament_prefix_path.sh'
[0.299s] INFO:colcon.colcon_core.shell:Skip shell extension 'powershell' for command environment: Not usable outside of PowerShell
[0.299s] DEBUG:colcon.colcon_core.shell:Skip shell extension 'dsv' for command environment
[0.519s] INFO:colcon.colcon_core.task.python.build:Building Python package in '/home/ninonick0426/Documents/GitHub/Unreal_QuadSim/Plugins/QuadSimPlugin/Resnet'
[0.519s] INFO:colcon.colcon_core.shell:Skip shell extension 'powershell' for command environment: Not usable outside of PowerShell
[0.519s] DEBUG:colcon.colcon_core.shell:Skip shell extension 'dsv' for command environment
[0.877s] DEBUG:colcon.colcon_core.event_handler.log_command:Invoking command in '/home/ninonick0426/Documents/GitHub/Unreal_QuadSim/Plugins/QuadSimPlugin/Resnet/build/adaptive_resnet_controller': PYTHONPATH=/home/ninonick0426/Documents/GitHub/Unreal_QuadSim/Plugins/QuadSimPlugin/Resnet/build/adaptive_resnet_controller/prefix_override:/usr/lib/python3/dist-packages/colcon_core/task/python/colcon_distutils_commands:/home/ninonick0426/Documents/GitHub/Unreal_QuadSim/Plugins/QuadSimPlugin/Resnet/install/adaptive_resnet_controller/lib/python3.10/site-packages:${PYTHONPATH} /usr/bin/python3 -W ignore:setup.py install is deprecated -W ignore:easy_install command is deprecated setup.py develop --editable --build-directory /home/ninonick0426/Documents/GitHub/Unreal_QuadSim/Plugins/QuadSimPlugin/Resnet/build/adaptive_resnet_controller/build --no-deps symlink_data
[1.133s] Level 1:colcon.colcon_core.shell:create_environment_hook('adaptive_resnet_controller', 'pythonpath_develop')
[1.133s] INFO:colcon.colcon_core.shell:Creating environment hook '/home/ninonick0426/Documents/GitHub/Unreal_QuadSim/Plugins/QuadSimPlugin/Resnet/build/adaptive_resnet_controller/share/adaptive_resnet_controller/hook/pythonpath_develop.ps1'
[1.134s] DEBUG:colcon.colcon_core.event_handler.log_command:Invoked command in '/home/ninonick0426/Documents/GitHub/Unreal_QuadSim/Plugins/QuadSimPlugin/Resnet/build/adaptive_resnet_controller' returned '0': PYTHONPATH=/home/ninonick0426/Documents/GitHub/Unreal_QuadSim/Plugins/QuadSimPlugin/Resnet/build/adaptive_resnet_controller/prefix_override:/usr/lib/python3/dist-packages/colcon_core/task/python/colcon_distutils_commands:/home/ninonick0426/Documents/GitHub/Unreal_QuadSim/Plugins/QuadSimPlugin/Resnet/install/adaptive_resnet_controller/lib/python3.10/site-packages:${PYTHONPATH} /usr/bin/python3 -W ignore:setup.py install is deprecated -W ignore:easy_install command is deprecated setup.py develop --editable --build-directory /home/ninonick0426/Documents/GitHub/Unreal_QuadSim/Plugins/QuadSimPlugin/Resnet/build/adaptive_resnet_controller/build --no-deps symlink_data
[1.134s] INFO:colcon.colcon_core.shell:Creating environment descriptor '/home/ninonick0426/Documents/GitHub/Unreal_QuadSim/Plugins/QuadSimPlugin/Resnet/build/adaptive_resnet_controller/share/adaptive_resnet_controller/hook/pythonpath_develop.dsv'
[1.134s] INFO:colcon.colcon_core.shell:Creating environment hook '/home/ninonick0426/Documents/GitHub/Unreal_QuadSim/Plugins/QuadSimPlugin/Resnet/build/adaptive_resnet_controller/share/adaptive_resnet_controller/hook/pythonpath_develop.sh'
[1.135s] Level 1:colcon.colcon_core.environment:checking '/home/ninonick0426/Documents/GitHub/Unreal_QuadSim/Plugins/QuadSimPlugin/Resnet/install/adaptive_resnet_controller' for CMake module files
[1.136s] Level 1:colcon.colcon_core.environment:checking '/home/ninonick0426/Documents/GitHub/Unreal_QuadSim/Plugins/QuadSimPlugin/Resnet/install/adaptive_resnet_controller' for CMake config files
[1.136s] Level 1:colcon.colcon_core.environment:checking '/home/ninonick0426/Documents/GitHub/Unreal_QuadSim/Plugins/QuadSimPlugin/Resnet/install/adaptive_resnet_controller/lib'
[1.136s] Level 1:colcon.colcon_core.environment:checking '/home/ninonick0426/Documents/GitHub/Unreal_QuadSim/Plugins/QuadSimPlugin/Resnet/install/adaptive_resnet_controller/bin'
[1.136s] Level 1:colcon.colcon_core.shell:create_environment_hook('adaptive_resnet_controller', 'path')
[1.136s] INFO:colcon.colcon_core.shell:Creating environment hook '/home/ninonick0426/Documents/GitHub/Unreal_QuadSim/Plugins/QuadSimPlugin/Resnet/install/adaptive_resnet_controller/share/adaptive_resnet_controller/hook/path.ps1'
[1.137s] INFO:colcon.colcon_core.shell:Creating environment descriptor '/home/ninonick0426/Documents/GitHub/Unreal_QuadSim/Plugins/QuadSimPlugin/Resnet/install/adaptive_resnet_controller/share/adaptive_resnet_controller/hook/path.dsv'
[1.137s] INFO:colcon.colcon_core.shell:Creating environment hook '/home/ninonick0426/Documents/GitHub/Unreal_QuadSim/Plugins/QuadSimPlugin/Resnet/install/adaptive_resnet_controller/share/adaptive_resnet_controller/hook/path.sh'
[1.137s] Level 1:colcon.colcon_core.environment:checking '/home/ninonick0426/Documents/GitHub/Unreal_QuadSim/Plugins/QuadSimPlugin/Resnet/install/adaptive_resnet_controller/lib/pkgconfig/adaptive_resnet_controller.pc'
[1.137s] Level 1:colcon.colcon_core.environment:checking '/home/ninonick0426/Documents/GitHub/Unreal_QuadSim/Plugins/QuadSimPlugin/Resnet/install/adaptive_resnet_controller/lib/python3.10/site-packages'
[1.137s] Level 1:colcon.colcon_core.shell:create_environment_hook('adaptive_resnet_controller', 'pythonpath')
[1.137s] INFO:colcon.colcon_core.shell:Creating environment hook '/home/ninonick0426/Documents/GitHub/Unreal_QuadSim/Plugins/QuadSimPlugin/Resnet/install/adaptive_resnet_controller/share/adaptive_resnet_controller/hook/pythonpath.ps1'
[1.138s] INFO:colcon.colcon_core.shell:Creating environment descriptor '/home/ninonick0426/Documents/GitHub/Unreal_QuadSim/Plugins/QuadSimPlugin/Resnet/install/adaptive_resnet_controller/share/adaptive_resnet_controller/hook/pythonpath.dsv'
[1.138s] INFO:colcon.colcon_core.shell:Creating environment hook '/home/ninonick0426/Documents/GitHub/Unreal_QuadSim/Plugins/QuadSimPlugin/Resnet/install/adaptive_resnet_controller/share/adaptive_resnet_controller/hook/pythonpath.sh'
[1.138s] Level 1:colcon.colcon_core.environment:checking '/home/ninonick0426/Documents/GitHub/Unreal_QuadSim/Plugins/QuadSimPlugin/Resnet/install/adaptive_resnet_controller/bin'
[1.138s] Level 1:colcon.colcon_core.shell:create_environment_hook('adaptive_resnet_controller', 'pythonscriptspath')
[1.138s] INFO:colcon.colcon_core.shell:Creating environment hook '/home/ninonick0426/Documents/GitHub/Unreal_QuadSim/Plugins/QuadSimPlugin/Resnet/install/adaptive_resnet_controller/share/adaptive_resnet_controller/hook/pythonscriptspath.ps1'
[1.138s] INFO:colcon.colcon_core.shell:Creating environment descriptor '/home/ninonick0426/Documents/GitHub/Unreal_QuadSim/Plugins/QuadSimPlugin/Resnet/install/adaptive_resnet_controller/share/adaptive_resnet_controller/hook/pythonscriptspath.dsv'
[1.138s] INFO:colcon.colcon_core.shell:Creating environment hook '/home/ninonick0426/Documents/GitHub/Unreal_QuadSim/Plugins/QuadSimPlugin/Resnet/install/adaptive_resnet_controller/share/adaptive_resnet_controller/hook/pythonscriptspath.sh'
[1.139s] Level 1:colcon.colcon_core.environment:create_environment_scripts_only(adaptive_resnet_controller)
[1.139s] INFO:colcon.colcon_core.shell:Creating package script '/home/ninonick0426/Documents/GitHub/Unreal_QuadSim/Plugins/QuadSimPlugin/Resnet/install/adaptive_resnet_controller/share/adaptive_resnet_controller/package.ps1'
[1.139s] INFO:colcon.colcon_core.shell:Creating package descriptor '/home/ninonick0426/Documents/GitHub/Unreal_QuadSim/Plugins/QuadSimPlugin/Resnet/install/adaptive_resnet_controller/share/adaptive_resnet_controller/package.dsv'
[1.140s] INFO:colcon.colcon_core.shell:Creating package script '/home/ninonick0426/Documents/GitHub/Unreal_QuadSim/Plugins/QuadSimPlugin/Resnet/install/adaptive_resnet_controller/share/adaptive_resnet_controller/package.sh'
[1.140s] INFO:colcon.colcon_core.shell:Creating package script '/home/ninonick0426/Documents/GitHub/Unreal_QuadSim/Plugins/QuadSimPlugin/Resnet/install/adaptive_resnet_controller/share/adaptive_resnet_controller/package.bash'
[1.140s] INFO:colcon.colcon_core.shell:Creating package script '/home/ninonick0426/Documents/GitHub/Unreal_QuadSim/Plugins/QuadSimPlugin/Resnet/install/adaptive_resnet_controller/share/adaptive_resnet_controller/package.zsh'
[1.141s] Level 1:colcon.colcon_core.environment:create_file_with_runtime_dependencies(/home/ninonick0426/Documents/GitHub/Unreal_QuadSim/Plugins/QuadSimPlugin/Resnet/install/adaptive_resnet_controller/share/colcon-core/packages/adaptive_resnet_controller)
[1.141s] DEBUG:colcon.colcon_parallel_executor.executor.parallel:closing loop
[1.141s] DEBUG:colcon.colcon_parallel_executor.executor.parallel:loop closed
[1.141s] DEBUG:colcon.colcon_parallel_executor.executor.parallel:run_until_complete finished with '0'
[1.141s] DEBUG:colcon.colcon_core.event_reactor:joining thread
[1.144s] INFO:colcon.colcon_core.plugin_system:Skipping extension 'colcon_notification.desktop_notification.terminal_notifier': Not used on non-Darwin systems
[1.144s] INFO:colcon.colcon_core.plugin_system:Skipping extension 'colcon_notification.desktop_notification.win32': Not used on non-Windows systems
[1.145s] INFO:colcon.colcon_notification.desktop_notification:Sending desktop notification using 'notify2'
[1.151s] DEBUG:colcon.colcon_core.event_reactor:joined thread
[1.152s] INFO:colcon.colcon_core.shell:Creating prefix script '/home/ninonick0426/Documents/GitHub/Unreal_QuadSim/Plugins/QuadSimPlugin/Resnet/install/local_setup.ps1'
[1.152s] INFO:colcon.colcon_core.shell:Creating prefix util module '/home/ninonick0426/Documents/GitHub/Unreal_QuadSim/Plugins/QuadSimPlugin/Resnet/install/_local_setup_util_ps1.py'
[1.153s] INFO:colcon.colcon_core.shell:Creating prefix chain script '/home/ninonick0426/Documents/GitHub/Unreal_QuadSim/Plugins/QuadSimPlugin/Resnet/install/setup.ps1'
[1.154s] INFO:colcon.colcon_core.shell:Creating prefix script '/home/ninonick0426/Documents/GitHub/Unreal_QuadSim/Plugins/QuadSimPlugin/Resnet/install/local_setup.sh'
[1.154s] INFO:colcon.colcon_core.shell:Creating prefix util module '/home/ninonick0426/Documents/GitHub/Unreal_QuadSim/Plugins/QuadSimPlugin/Resnet/install/_local_setup_util_sh.py'
[1.154s] INFO:colcon.colcon_core.shell:Creating prefix chain script '/home/ninonick0426/Documents/GitHub/Unreal_QuadSim/Plugins/QuadSimPlugin/Resnet/install/setup.sh'
[1.155s] INFO:colcon.colcon_core.shell:Creating prefix script '/home/ninonick0426/Documents/GitHub/Unreal_QuadSim/Plugins/QuadSimPlugin/Resnet/install/local_setup.bash'
[1.155s] INFO:colcon.colcon_core.shell:Creating prefix chain script '/home/ninonick0426/Documents/GitHub/Unreal_QuadSim/Plugins/QuadSimPlugin/Resnet/install/setup.bash'
[1.155s] INFO:colcon.colcon_core.shell:Creating prefix script '/home/ninonick0426/Documents/GitHub/Unreal_QuadSim/Plugins/QuadSimPlugin/Resnet/install/local_setup.zsh'
[1.156s] INFO:colcon.colcon_core.shell:Creating prefix chain script '/home/ninonick0426/Documents/GitHub/Unreal_QuadSim/Plugins/QuadSimPlugin/Resnet/install/setup.zsh'
