[0.155s] DEBUG:colcon:Command line arguments: ['/usr/bin/colcon', 'build', '--packages-select', 'unreal_sim_config', '--base-paths', '/home/ninonick0426/ros2_ws']
[0.155s] DEBUG:colcon:Parsed command line arguments: Namespace(log_base=None, log_level=None, verb_name='build', build_base='build', install_base='install', merge_install=False, symlink_install=False, test_result_base=None, continue_on_error=False, executor='parallel', parallel_workers=16, event_handlers=None, ignore_user_meta=False, metas=['./colcon.meta'], base_paths=['/home/ninonick0426/ros2_ws'], packages_ignore=None, packages_ignore_regex=None, paths=None, packages_up_to=None, packages_up_to_regex=None, packages_above=None, packages_above_and_dependencies=None, packages_above_depth=None, packages_select_by_dep=None, packages_skip_by_dep=None, packages_skip_up_to=None, packages_select_build_failed=False, packages_skip_build_finished=False, packages_select_test_failures=False, packages_skip_test_passed=False, packages_select=['unreal_sim_config'], packages_skip=None, packages_select_regex=None, packages_skip_regex=None, packages_start=None, packages_end=None, allow_overriding=[], cmake_args=None, cmake_target=None, cmake_target_skip_unavailable=False, cmake_clean_cache=False, cmake_clean_first=False, cmake_force_configure=False, ament_cmake_args=None, catkin_cmake_args=None, catkin_skip_building_tests=False, verb_parser=<colcon_defaults.argument_parser.defaults.DefaultArgumentsDecorator object at 0x7cb8a9c5d660>, verb_extension=<colcon_core.verb.build.BuildVerb object at 0x7cb8a9d4b0a0>, main=<bound method BuildVerb.main of <colcon_core.verb.build.BuildVerb object at 0x7cb8a9d4b0a0>>)
[0.397s] Level 1:colcon.colcon_core.package_discovery:discover_packages(colcon_meta) check parameters
[0.397s] Level 1:colcon.colcon_core.package_discovery:discover_packages(recursive) check parameters
[0.397s] Level 1:colcon.colcon_core.package_discovery:discover_packages(ignore) check parameters
[0.397s] Level 1:colcon.colcon_core.package_discovery:discover_packages(path) check parameters
[0.397s] Level 1:colcon.colcon_core.package_discovery:discover_packages(recursive) discover
[0.397s] INFO:colcon.colcon_core.package_discovery:Crawling recursively for packages in '/home/ninonick0426/ros2_ws'
[0.397s] Level 1:colcon.colcon_core.package_identification:_identify(/home/ninonick0426/ros2_ws) by extensions ['ignore', 'ignore_ament_install']
[0.397s] Level 1:colcon.colcon_core.package_identification:_identify(/home/ninonick0426/ros2_ws) by extension 'ignore'
[0.397s] Level 1:colcon.colcon_core.package_identification:_identify(/home/ninonick0426/ros2_ws) by extension 'ignore_ament_install'
[0.397s] Level 1:colcon.colcon_core.package_identification:_identify(/home/ninonick0426/ros2_ws) by extensions ['colcon_pkg']
[0.398s] Level 1:colcon.colcon_core.package_identification:_identify(/home/ninonick0426/ros2_ws) by extension 'colcon_pkg'
[0.398s] Level 1:colcon.colcon_core.package_identification:_identify(/home/ninonick0426/ros2_ws) by extensions ['colcon_meta']
[0.398s] Level 1:colcon.colcon_core.package_identification:_identify(/home/ninonick0426/ros2_ws) by extension 'colcon_meta'
[0.398s] Level 1:colcon.colcon_core.package_identification:_identify(/home/ninonick0426/ros2_ws) by extensions ['ros']
[0.398s] Level 1:colcon.colcon_core.package_identification:_identify(/home/ninonick0426/ros2_ws) by extension 'ros'
[0.415s] Level 1:colcon.colcon_core.package_identification:_identify(/home/ninonick0426/ros2_ws) by extensions ['cmake', 'python']
[0.415s] Level 1:colcon.colcon_core.package_identification:_identify(/home/ninonick0426/ros2_ws) by extension 'cmake'
[0.415s] Level 1:colcon.colcon_core.package_identification:_identify(/home/ninonick0426/ros2_ws) by extension 'python'
[0.416s] Level 1:colcon.colcon_core.package_identification:_identify(/home/ninonick0426/ros2_ws) by extensions ['python_setup_py']
[0.416s] Level 1:colcon.colcon_core.package_identification:_identify(/home/ninonick0426/ros2_ws) by extension 'python_setup_py'
[0.416s] Level 1:colcon.colcon_core.package_identification:_identify(/home/ninonick0426/ros2_ws/build) by extensions ['ignore', 'ignore_ament_install']
[0.416s] Level 1:colcon.colcon_core.package_identification:_identify(/home/ninonick0426/ros2_ws/build) by extension 'ignore'
[0.416s] Level 1:colcon.colcon_core.package_identification:_identify(/home/ninonick0426/ros2_ws/build) ignored
[0.416s] Level 1:colcon.colcon_core.package_identification:_identify(/home/ninonick0426/ros2_ws/install) by extensions ['ignore', 'ignore_ament_install']
[0.417s] Level 1:colcon.colcon_core.package_identification:_identify(/home/ninonick0426/ros2_ws/install) by extension 'ignore'
[0.417s] Level 1:colcon.colcon_core.package_identification:_identify(/home/ninonick0426/ros2_ws/install) ignored
[0.417s] Level 1:colcon.colcon_core.package_identification:_identify(/home/ninonick0426/ros2_ws/log) by extensions ['ignore', 'ignore_ament_install']
[0.417s] Level 1:colcon.colcon_core.package_identification:_identify(/home/ninonick0426/ros2_ws/log) by extension 'ignore'
[0.417s] Level 1:colcon.colcon_core.package_identification:_identify(/home/ninonick0426/ros2_ws/log) ignored
[0.417s] Level 1:colcon.colcon_core.package_identification:_identify(/home/ninonick0426/ros2_ws/rosflight_memory) by extensions ['ignore', 'ignore_ament_install']
[0.417s] Level 1:colcon.colcon_core.package_identification:_identify(/home/ninonick0426/ros2_ws/rosflight_memory) by extension 'ignore'
[0.417s] Level 1:colcon.colcon_core.package_identification:_identify(/home/ninonick0426/ros2_ws/rosflight_memory) by extension 'ignore_ament_install'
[0.417s] Level 1:colcon.colcon_core.package_identification:_identify(/home/ninonick0426/ros2_ws/rosflight_memory) by extensions ['colcon_pkg']
[0.417s] Level 1:colcon.colcon_core.package_identification:_identify(/home/ninonick0426/ros2_ws/rosflight_memory) by extension 'colcon_pkg'
[0.417s] Level 1:colcon.colcon_core.package_identification:_identify(/home/ninonick0426/ros2_ws/rosflight_memory) by extensions ['colcon_meta']
[0.417s] Level 1:colcon.colcon_core.package_identification:_identify(/home/ninonick0426/ros2_ws/rosflight_memory) by extension 'colcon_meta'
[0.417s] Level 1:colcon.colcon_core.package_identification:_identify(/home/ninonick0426/ros2_ws/rosflight_memory) by extensions ['ros']
[0.417s] Level 1:colcon.colcon_core.package_identification:_identify(/home/ninonick0426/ros2_ws/rosflight_memory) by extension 'ros'
[0.418s] Level 1:colcon.colcon_core.package_identification:_identify(/home/ninonick0426/ros2_ws/rosflight_memory) by extensions ['cmake', 'python']
[0.418s] Level 1:colcon.colcon_core.package_identification:_identify(/home/ninonick0426/ros2_ws/rosflight_memory) by extension 'cmake'
[0.418s] Level 1:colcon.colcon_core.package_identification:_identify(/home/ninonick0426/ros2_ws/rosflight_memory) by extension 'python'
[0.418s] Level 1:colcon.colcon_core.package_identification:_identify(/home/ninonick0426/ros2_ws/rosflight_memory) by extensions ['python_setup_py']
[0.418s] Level 1:colcon.colcon_core.package_identification:_identify(/home/ninonick0426/ros2_ws/rosflight_memory) by extension 'python_setup_py'
[0.418s] Level 1:colcon.colcon_core.package_identification:_identify(/home/ninonick0426/ros2_ws/src) by extensions ['ignore', 'ignore_ament_install']
[0.418s] Level 1:colcon.colcon_core.package_identification:_identify(/home/ninonick0426/ros2_ws/src) by extension 'ignore'
[0.418s] Level 1:colcon.colcon_core.package_identification:_identify(/home/ninonick0426/ros2_ws/src) by extension 'ignore_ament_install'
[0.418s] Level 1:colcon.colcon_core.package_identification:_identify(/home/ninonick0426/ros2_ws/src) by extensions ['colcon_pkg']
[0.418s] Level 1:colcon.colcon_core.package_identification:_identify(/home/ninonick0426/ros2_ws/src) by extension 'colcon_pkg'
[0.418s] Level 1:colcon.colcon_core.package_identification:_identify(/home/ninonick0426/ros2_ws/src) by extensions ['colcon_meta']
[0.418s] Level 1:colcon.colcon_core.package_identification:_identify(/home/ninonick0426/ros2_ws/src) by extension 'colcon_meta'
[0.418s] Level 1:colcon.colcon_core.package_identification:_identify(/home/ninonick0426/ros2_ws/src) by extensions ['ros']
[0.418s] Level 1:colcon.colcon_core.package_identification:_identify(/home/ninonick0426/ros2_ws/src) by extension 'ros'
[0.418s] Level 1:colcon.colcon_core.package_identification:_identify(/home/ninonick0426/ros2_ws/src) by extensions ['cmake', 'python']
[0.418s] Level 1:colcon.colcon_core.package_identification:_identify(/home/ninonick0426/ros2_ws/src) by extension 'cmake'
[0.419s] Level 1:colcon.colcon_core.package_identification:_identify(/home/ninonick0426/ros2_ws/src) by extension 'python'
[0.419s] Level 1:colcon.colcon_core.package_identification:_identify(/home/ninonick0426/ros2_ws/src) by extensions ['python_setup_py']
[0.419s] Level 1:colcon.colcon_core.package_identification:_identify(/home/ninonick0426/ros2_ws/src) by extension 'python_setup_py'
[0.419s] Level 1:colcon.colcon_core.package_identification:_identify(/home/ninonick0426/ros2_ws/src/eigen_stl_containers) by extensions ['ignore', 'ignore_ament_install']
[0.419s] Level 1:colcon.colcon_core.package_identification:_identify(/home/ninonick0426/ros2_ws/src/eigen_stl_containers) by extension 'ignore'
[0.419s] Level 1:colcon.colcon_core.package_identification:_identify(/home/ninonick0426/ros2_ws/src/eigen_stl_containers) by extension 'ignore_ament_install'
[0.419s] Level 1:colcon.colcon_core.package_identification:_identify(/home/ninonick0426/ros2_ws/src/eigen_stl_containers) by extensions ['colcon_pkg']
[0.419s] Level 1:colcon.colcon_core.package_identification:_identify(/home/ninonick0426/ros2_ws/src/eigen_stl_containers) by extension 'colcon_pkg'
[0.419s] Level 1:colcon.colcon_core.package_identification:_identify(/home/ninonick0426/ros2_ws/src/eigen_stl_containers) by extensions ['colcon_meta']
[0.419s] Level 1:colcon.colcon_core.package_identification:_identify(/home/ninonick0426/ros2_ws/src/eigen_stl_containers) by extension 'colcon_meta'
[0.419s] Level 1:colcon.colcon_core.package_identification:_identify(/home/ninonick0426/ros2_ws/src/eigen_stl_containers) by extensions ['ros']
[0.419s] Level 1:colcon.colcon_core.package_identification:_identify(/home/ninonick0426/ros2_ws/src/eigen_stl_containers) by extension 'ros'
[0.422s] DEBUG:colcon.colcon_core.package_identification:Package '/home/ninonick0426/ros2_ws/src/eigen_stl_containers' with type 'ros.ament_cmake' and name 'eigen_stl_containers'
[0.422s] Level 1:colcon.colcon_core.package_identification:_identify(/home/ninonick0426/ros2_ws/src/rosflight_ros_pkgs) by extensions ['ignore', 'ignore_ament_install']
[0.422s] Level 1:colcon.colcon_core.package_identification:_identify(/home/ninonick0426/ros2_ws/src/rosflight_ros_pkgs) by extension 'ignore'
[0.423s] Level 1:colcon.colcon_core.package_identification:_identify(/home/ninonick0426/ros2_ws/src/rosflight_ros_pkgs) by extension 'ignore_ament_install'
[0.423s] Level 1:colcon.colcon_core.package_identification:_identify(/home/ninonick0426/ros2_ws/src/rosflight_ros_pkgs) by extensions ['colcon_pkg']
[0.423s] Level 1:colcon.colcon_core.package_identification:_identify(/home/ninonick0426/ros2_ws/src/rosflight_ros_pkgs) by extension 'colcon_pkg'
[0.423s] Level 1:colcon.colcon_core.package_identification:_identify(/home/ninonick0426/ros2_ws/src/rosflight_ros_pkgs) by extensions ['colcon_meta']
[0.423s] Level 1:colcon.colcon_core.package_identification:_identify(/home/ninonick0426/ros2_ws/src/rosflight_ros_pkgs) by extension 'colcon_meta'
[0.423s] Level 1:colcon.colcon_core.package_identification:_identify(/home/ninonick0426/ros2_ws/src/rosflight_ros_pkgs) by extensions ['ros']
[0.423s] Level 1:colcon.colcon_core.package_identification:_identify(/home/ninonick0426/ros2_ws/src/rosflight_ros_pkgs) by extension 'ros'
[0.423s] Level 1:colcon.colcon_core.package_identification:_identify(/home/ninonick0426/ros2_ws/src/rosflight_ros_pkgs) by extensions ['cmake', 'python']
[0.423s] Level 1:colcon.colcon_core.package_identification:_identify(/home/ninonick0426/ros2_ws/src/rosflight_ros_pkgs) by extension 'cmake'
[0.423s] Level 1:colcon.colcon_core.package_identification:_identify(/home/ninonick0426/ros2_ws/src/rosflight_ros_pkgs) by extension 'python'
[0.423s] Level 1:colcon.colcon_core.package_identification:_identify(/home/ninonick0426/ros2_ws/src/rosflight_ros_pkgs) by extensions ['python_setup_py']
[0.423s] Level 1:colcon.colcon_core.package_identification:_identify(/home/ninonick0426/ros2_ws/src/rosflight_ros_pkgs) by extension 'python_setup_py'
[0.423s] Level 1:colcon.colcon_core.package_identification:_identify(/home/ninonick0426/ros2_ws/src/rosflight_ros_pkgs/rosflight_firmware) by extensions ['ignore', 'ignore_ament_install']
[0.424s] Level 1:colcon.colcon_core.package_identification:_identify(/home/ninonick0426/ros2_ws/src/rosflight_ros_pkgs/rosflight_firmware) by extension 'ignore'
[0.424s] Level 1:colcon.colcon_core.package_identification:_identify(/home/ninonick0426/ros2_ws/src/rosflight_ros_pkgs/rosflight_firmware) ignored
[0.424s] Level 1:colcon.colcon_core.package_identification:_identify(/home/ninonick0426/ros2_ws/src/rosflight_ros_pkgs/rosflight_gcs) by extensions ['ignore', 'ignore_ament_install']
[0.424s] Level 1:colcon.colcon_core.package_identification:_identify(/home/ninonick0426/ros2_ws/src/rosflight_ros_pkgs/rosflight_gcs) by extension 'ignore'
[0.424s] Level 1:colcon.colcon_core.package_identification:_identify(/home/ninonick0426/ros2_ws/src/rosflight_ros_pkgs/rosflight_gcs) by extension 'ignore_ament_install'
[0.424s] Level 1:colcon.colcon_core.package_identification:_identify(/home/ninonick0426/ros2_ws/src/rosflight_ros_pkgs/rosflight_gcs) by extensions ['colcon_pkg']
[0.424s] Level 1:colcon.colcon_core.package_identification:_identify(/home/ninonick0426/ros2_ws/src/rosflight_ros_pkgs/rosflight_gcs) by extension 'colcon_pkg'
[0.424s] Level 1:colcon.colcon_core.package_identification:_identify(/home/ninonick0426/ros2_ws/src/rosflight_ros_pkgs/rosflight_gcs) by extensions ['colcon_meta']
[0.424s] Level 1:colcon.colcon_core.package_identification:_identify(/home/ninonick0426/ros2_ws/src/rosflight_ros_pkgs/rosflight_gcs) by extension 'colcon_meta'
[0.424s] Level 1:colcon.colcon_core.package_identification:_identify(/home/ninonick0426/ros2_ws/src/rosflight_ros_pkgs/rosflight_gcs) by extensions ['ros']
[0.424s] Level 1:colcon.colcon_core.package_identification:_identify(/home/ninonick0426/ros2_ws/src/rosflight_ros_pkgs/rosflight_gcs) by extension 'ros'
[0.426s] DEBUG:colcon.colcon_core.package_identification:Package '/home/ninonick0426/ros2_ws/src/rosflight_ros_pkgs/rosflight_gcs' with type 'ros.ament_cmake' and name 'rosflight_gcs'
[0.427s] Level 1:colcon.colcon_core.package_identification:_identify(/home/ninonick0426/ros2_ws/src/rosflight_ros_pkgs/rosflight_io) by extensions ['ignore', 'ignore_ament_install']
[0.427s] Level 1:colcon.colcon_core.package_identification:_identify(/home/ninonick0426/ros2_ws/src/rosflight_ros_pkgs/rosflight_io) by extension 'ignore'
[0.427s] Level 1:colcon.colcon_core.package_identification:_identify(/home/ninonick0426/ros2_ws/src/rosflight_ros_pkgs/rosflight_io) by extension 'ignore_ament_install'
[0.427s] Level 1:colcon.colcon_core.package_identification:_identify(/home/ninonick0426/ros2_ws/src/rosflight_ros_pkgs/rosflight_io) by extensions ['colcon_pkg']
[0.427s] Level 1:colcon.colcon_core.package_identification:_identify(/home/ninonick0426/ros2_ws/src/rosflight_ros_pkgs/rosflight_io) by extension 'colcon_pkg'
[0.427s] Level 1:colcon.colcon_core.package_identification:_identify(/home/ninonick0426/ros2_ws/src/rosflight_ros_pkgs/rosflight_io) by extensions ['colcon_meta']
[0.427s] Level 1:colcon.colcon_core.package_identification:_identify(/home/ninonick0426/ros2_ws/src/rosflight_ros_pkgs/rosflight_io) by extension 'colcon_meta'
[0.427s] Level 1:colcon.colcon_core.package_identification:_identify(/home/ninonick0426/ros2_ws/src/rosflight_ros_pkgs/rosflight_io) by extensions ['ros']
[0.427s] Level 1:colcon.colcon_core.package_identification:_identify(/home/ninonick0426/ros2_ws/src/rosflight_ros_pkgs/rosflight_io) by extension 'ros'
[0.429s] DEBUG:colcon.colcon_core.package_identification:Package '/home/ninonick0426/ros2_ws/src/rosflight_ros_pkgs/rosflight_io' with type 'ros.ament_cmake' and name 'rosflight_io'
[0.430s] Level 1:colcon.colcon_core.package_identification:_identify(/home/ninonick0426/ros2_ws/src/rosflight_ros_pkgs/rosflight_msgs) by extensions ['ignore', 'ignore_ament_install']
[0.430s] Level 1:colcon.colcon_core.package_identification:_identify(/home/ninonick0426/ros2_ws/src/rosflight_ros_pkgs/rosflight_msgs) by extension 'ignore'
[0.430s] Level 1:colcon.colcon_core.package_identification:_identify(/home/ninonick0426/ros2_ws/src/rosflight_ros_pkgs/rosflight_msgs) by extension 'ignore_ament_install'
[0.430s] Level 1:colcon.colcon_core.package_identification:_identify(/home/ninonick0426/ros2_ws/src/rosflight_ros_pkgs/rosflight_msgs) by extensions ['colcon_pkg']
[0.430s] Level 1:colcon.colcon_core.package_identification:_identify(/home/ninonick0426/ros2_ws/src/rosflight_ros_pkgs/rosflight_msgs) by extension 'colcon_pkg'
[0.430s] Level 1:colcon.colcon_core.package_identification:_identify(/home/ninonick0426/ros2_ws/src/rosflight_ros_pkgs/rosflight_msgs) by extensions ['colcon_meta']
[0.430s] Level 1:colcon.colcon_core.package_identification:_identify(/home/ninonick0426/ros2_ws/src/rosflight_ros_pkgs/rosflight_msgs) by extension 'colcon_meta'
[0.430s] Level 1:colcon.colcon_core.package_identification:_identify(/home/ninonick0426/ros2_ws/src/rosflight_ros_pkgs/rosflight_msgs) by extensions ['ros']
[0.430s] Level 1:colcon.colcon_core.package_identification:_identify(/home/ninonick0426/ros2_ws/src/rosflight_ros_pkgs/rosflight_msgs) by extension 'ros'
[0.431s] DEBUG:colcon.colcon_core.package_identification:Package '/home/ninonick0426/ros2_ws/src/rosflight_ros_pkgs/rosflight_msgs' with type 'ros.ament_cmake' and name 'rosflight_msgs'
[0.431s] Level 1:colcon.colcon_core.package_identification:_identify(/home/ninonick0426/ros2_ws/src/rosflight_ros_pkgs/rosflight_pkgs) by extensions ['ignore', 'ignore_ament_install']
[0.432s] Level 1:colcon.colcon_core.package_identification:_identify(/home/ninonick0426/ros2_ws/src/rosflight_ros_pkgs/rosflight_pkgs) by extension 'ignore'
[0.432s] Level 1:colcon.colcon_core.package_identification:_identify(/home/ninonick0426/ros2_ws/src/rosflight_ros_pkgs/rosflight_pkgs) by extension 'ignore_ament_install'
[0.432s] Level 1:colcon.colcon_core.package_identification:_identify(/home/ninonick0426/ros2_ws/src/rosflight_ros_pkgs/rosflight_pkgs) by extensions ['colcon_pkg']
[0.432s] Level 1:colcon.colcon_core.package_identification:_identify(/home/ninonick0426/ros2_ws/src/rosflight_ros_pkgs/rosflight_pkgs) by extension 'colcon_pkg'
[0.432s] Level 1:colcon.colcon_core.package_identification:_identify(/home/ninonick0426/ros2_ws/src/rosflight_ros_pkgs/rosflight_pkgs) by extensions ['colcon_meta']
[0.432s] Level 1:colcon.colcon_core.package_identification:_identify(/home/ninonick0426/ros2_ws/src/rosflight_ros_pkgs/rosflight_pkgs) by extension 'colcon_meta'
[0.432s] Level 1:colcon.colcon_core.package_identification:_identify(/home/ninonick0426/ros2_ws/src/rosflight_ros_pkgs/rosflight_pkgs) by extensions ['ros']
[0.432s] Level 1:colcon.colcon_core.package_identification:_identify(/home/ninonick0426/ros2_ws/src/rosflight_ros_pkgs/rosflight_pkgs) by extension 'ros'
[0.433s] DEBUG:colcon.colcon_core.package_identification:Package '/home/ninonick0426/ros2_ws/src/rosflight_ros_pkgs/rosflight_pkgs' with type 'ros.ament_cmake' and name 'rosflight_pkgs'
[0.433s] Level 1:colcon.colcon_core.package_identification:_identify(/home/ninonick0426/ros2_ws/src/rosflight_ros_pkgs/rosflight_rqt_plugins) by extensions ['ignore', 'ignore_ament_install']
[0.433s] Level 1:colcon.colcon_core.package_identification:_identify(/home/ninonick0426/ros2_ws/src/rosflight_ros_pkgs/rosflight_rqt_plugins) by extension 'ignore'
[0.433s] Level 1:colcon.colcon_core.package_identification:_identify(/home/ninonick0426/ros2_ws/src/rosflight_ros_pkgs/rosflight_rqt_plugins) by extension 'ignore_ament_install'
[0.433s] Level 1:colcon.colcon_core.package_identification:_identify(/home/ninonick0426/ros2_ws/src/rosflight_ros_pkgs/rosflight_rqt_plugins) by extensions ['colcon_pkg']
[0.433s] Level 1:colcon.colcon_core.package_identification:_identify(/home/ninonick0426/ros2_ws/src/rosflight_ros_pkgs/rosflight_rqt_plugins) by extension 'colcon_pkg'
[0.433s] Level 1:colcon.colcon_core.package_identification:_identify(/home/ninonick0426/ros2_ws/src/rosflight_ros_pkgs/rosflight_rqt_plugins) by extensions ['colcon_meta']
[0.433s] Level 1:colcon.colcon_core.package_identification:_identify(/home/ninonick0426/ros2_ws/src/rosflight_ros_pkgs/rosflight_rqt_plugins) by extension 'colcon_meta'
[0.433s] Level 1:colcon.colcon_core.package_identification:_identify(/home/ninonick0426/ros2_ws/src/rosflight_ros_pkgs/rosflight_rqt_plugins) by extensions ['ros']
[0.434s] Level 1:colcon.colcon_core.package_identification:_identify(/home/ninonick0426/ros2_ws/src/rosflight_ros_pkgs/rosflight_rqt_plugins) by extension 'ros'
[0.434s] DEBUG:colcon.colcon_core.package_identification:Package '/home/ninonick0426/ros2_ws/src/rosflight_ros_pkgs/rosflight_rqt_plugins' with type 'ros.ament_python' and name 'rosflight_rqt_plugins'
[0.435s] Level 1:colcon.colcon_core.package_identification:_identify(/home/ninonick0426/ros2_ws/src/rosflight_ros_pkgs/rosflight_sim) by extensions ['ignore', 'ignore_ament_install']
[0.435s] Level 1:colcon.colcon_core.package_identification:_identify(/home/ninonick0426/ros2_ws/src/rosflight_ros_pkgs/rosflight_sim) by extension 'ignore'
[0.435s] Level 1:colcon.colcon_core.package_identification:_identify(/home/ninonick0426/ros2_ws/src/rosflight_ros_pkgs/rosflight_sim) by extension 'ignore_ament_install'
[0.435s] Level 1:colcon.colcon_core.package_identification:_identify(/home/ninonick0426/ros2_ws/src/rosflight_ros_pkgs/rosflight_sim) by extensions ['colcon_pkg']
[0.435s] Level 1:colcon.colcon_core.package_identification:_identify(/home/ninonick0426/ros2_ws/src/rosflight_ros_pkgs/rosflight_sim) by extension 'colcon_pkg'
[0.435s] Level 1:colcon.colcon_core.package_identification:_identify(/home/ninonick0426/ros2_ws/src/rosflight_ros_pkgs/rosflight_sim) by extensions ['colcon_meta']
[0.435s] Level 1:colcon.colcon_core.package_identification:_identify(/home/ninonick0426/ros2_ws/src/rosflight_ros_pkgs/rosflight_sim) by extension 'colcon_meta'
[0.435s] Level 1:colcon.colcon_core.package_identification:_identify(/home/ninonick0426/ros2_ws/src/rosflight_ros_pkgs/rosflight_sim) by extensions ['ros']
[0.435s] Level 1:colcon.colcon_core.package_identification:_identify(/home/ninonick0426/ros2_ws/src/rosflight_ros_pkgs/rosflight_sim) by extension 'ros'
[0.437s] DEBUG:colcon.colcon_core.package_identification:Package '/home/ninonick0426/ros2_ws/src/rosflight_ros_pkgs/rosflight_sim' with type 'ros.ament_cmake' and name 'rosflight_sim'
[0.437s] Level 1:colcon.colcon_core.package_identification:_identify(/home/ninonick0426/ros2_ws/src/unreal_sim_config) by extensions ['ignore', 'ignore_ament_install']
[0.437s] Level 1:colcon.colcon_core.package_identification:_identify(/home/ninonick0426/ros2_ws/src/unreal_sim_config) by extension 'ignore'
[0.437s] Level 1:colcon.colcon_core.package_identification:_identify(/home/ninonick0426/ros2_ws/src/unreal_sim_config) by extension 'ignore_ament_install'
[0.437s] Level 1:colcon.colcon_core.package_identification:_identify(/home/ninonick0426/ros2_ws/src/unreal_sim_config) by extensions ['colcon_pkg']
[0.437s] Level 1:colcon.colcon_core.package_identification:_identify(/home/ninonick0426/ros2_ws/src/unreal_sim_config) by extension 'colcon_pkg'
[0.437s] Level 1:colcon.colcon_core.package_identification:_identify(/home/ninonick0426/ros2_ws/src/unreal_sim_config) by extensions ['colcon_meta']
[0.437s] Level 1:colcon.colcon_core.package_identification:_identify(/home/ninonick0426/ros2_ws/src/unreal_sim_config) by extension 'colcon_meta'
[0.437s] Level 1:colcon.colcon_core.package_identification:_identify(/home/ninonick0426/ros2_ws/src/unreal_sim_config) by extensions ['ros']
[0.437s] Level 1:colcon.colcon_core.package_identification:_identify(/home/ninonick0426/ros2_ws/src/unreal_sim_config) by extension 'ros'
[0.438s] DEBUG:colcon.colcon_core.package_identification:Package '/home/ninonick0426/ros2_ws/src/unreal_sim_config' with type 'ros.ament_cmake' and name 'unreal_sim_config'
[0.438s] Level 1:colcon.colcon_core.package_discovery:discover_packages(recursive) using defaults
[0.488s] INFO:colcon.colcon_core.package_selection:Skipping not selected package 'eigen_stl_containers' in '/home/ninonick0426/ros2_ws/src/eigen_stl_containers'
[0.488s] INFO:colcon.colcon_core.package_selection:Skipping not selected package 'rosflight_msgs' in '/home/ninonick0426/ros2_ws/src/rosflight_ros_pkgs/rosflight_msgs'
[0.488s] INFO:colcon.colcon_core.package_selection:Skipping not selected package 'rosflight_rqt_plugins' in '/home/ninonick0426/ros2_ws/src/rosflight_ros_pkgs/rosflight_rqt_plugins'
[0.488s] INFO:colcon.colcon_core.package_selection:Skipping not selected package 'rosflight_io' in '/home/ninonick0426/ros2_ws/src/rosflight_ros_pkgs/rosflight_io'
[0.488s] INFO:colcon.colcon_core.package_selection:Skipping not selected package 'rosflight_sim' in '/home/ninonick0426/ros2_ws/src/rosflight_ros_pkgs/rosflight_sim'
[0.488s] INFO:colcon.colcon_core.package_selection:Skipping not selected package 'rosflight_gcs' in '/home/ninonick0426/ros2_ws/src/rosflight_ros_pkgs/rosflight_gcs'
[0.488s] INFO:colcon.colcon_core.package_selection:Skipping not selected package 'rosflight_pkgs' in '/home/ninonick0426/ros2_ws/src/rosflight_ros_pkgs/rosflight_pkgs'
[0.489s] Level 1:colcon.colcon_core.package_discovery:discover_packages(prefix_path) check parameters
[0.489s] Level 1:colcon.colcon_core.package_discovery:discover_packages(prefix_path) discover
[0.492s] DEBUG:colcon.colcon_installed_package_information.package_discovery:Found 8 installed packages in /home/ninonick0426/ros2_ws/install
[0.494s] DEBUG:colcon.colcon_installed_package_information.package_discovery:Found 273 installed packages in /opt/ros/humble
[0.496s] Level 1:colcon.colcon_core.package_discovery:discover_packages(prefix_path) using defaults
[0.541s] Level 5:colcon.colcon_core.verb:set package 'unreal_sim_config' build argument 'cmake_args' from command line to 'None'
[0.541s] Level 5:colcon.colcon_core.verb:set package 'unreal_sim_config' build argument 'cmake_target' from command line to 'None'
[0.541s] Level 5:colcon.colcon_core.verb:set package 'unreal_sim_config' build argument 'cmake_target_skip_unavailable' from command line to 'False'
[0.541s] Level 5:colcon.colcon_core.verb:set package 'unreal_sim_config' build argument 'cmake_clean_cache' from command line to 'False'
[0.541s] Level 5:colcon.colcon_core.verb:set package 'unreal_sim_config' build argument 'cmake_clean_first' from command line to 'False'
[0.541s] Level 5:colcon.colcon_core.verb:set package 'unreal_sim_config' build argument 'cmake_force_configure' from command line to 'False'
[0.541s] Level 5:colcon.colcon_core.verb:set package 'unreal_sim_config' build argument 'ament_cmake_args' from command line to 'None'
[0.541s] Level 5:colcon.colcon_core.verb:set package 'unreal_sim_config' build argument 'catkin_cmake_args' from command line to 'None'
[0.541s] Level 5:colcon.colcon_core.verb:set package 'unreal_sim_config' build argument 'catkin_skip_building_tests' from command line to 'False'
[0.541s] DEBUG:colcon.colcon_core.verb:Building package 'unreal_sim_config' with the following arguments: {'ament_cmake_args': None, 'build_base': '/home/ninonick0426/Desktop/Quadcopter/Unreal_QuadSim/build/unreal_sim_config', 'catkin_cmake_args': None, 'catkin_skip_building_tests': False, 'cmake_args': None, 'cmake_clean_cache': False, 'cmake_clean_first': False, 'cmake_force_configure': False, 'cmake_target': None, 'cmake_target_skip_unavailable': False, 'install_base': '/home/ninonick0426/Desktop/Quadcopter/Unreal_QuadSim/install/unreal_sim_config', 'merge_install': False, 'path': '/home/ninonick0426/ros2_ws/src/unreal_sim_config', 'symlink_install': False, 'test_result_base': None}
[0.541s] INFO:colcon.colcon_core.executor:Executing jobs using 'parallel' executor
[0.542s] DEBUG:colcon.colcon_parallel_executor.executor.parallel:run_until_complete
[0.543s] INFO:colcon.colcon_ros.task.ament_cmake.build:Building ROS package in '/home/ninonick0426/ros2_ws/src/unreal_sim_config' with build type 'ament_cmake'
[0.543s] INFO:colcon.colcon_cmake.task.cmake.build:Building CMake package in '/home/ninonick0426/ros2_ws/src/unreal_sim_config'
[0.546s] INFO:colcon.colcon_core.plugin_system:Skipping extension 'colcon_core.shell.bat': Not used on non-Windows systems
[0.546s] INFO:colcon.colcon_core.shell:Skip shell extension 'powershell' for command environment: Not usable outside of PowerShell
[0.547s] DEBUG:colcon.colcon_core.shell:Skip shell extension 'dsv' for command environment
[0.550s] WARNING:colcon.colcon_core.shell:The following packages are in the workspace but haven't been built:
- rosflight_msgs
- rosflight_sim
They are being used from the following locations instead:
- /home/ninonick0426/ros2_ws/install/rosflight_msgs
- /home/ninonick0426/ros2_ws/install/rosflight_sim
To suppress this warning ignore these packages in the workspace:
--packages-ignore rosflight_msgs rosflight_sim
[0.558s] DEBUG:colcon.colcon_core.event_handler.log_command:Invoking command in '/home/ninonick0426/Desktop/Quadcopter/Unreal_QuadSim/build/unreal_sim_config': CMAKE_PREFIX_PATH=${CMAKE_PREFIX_PATH}:/home/ninonick0426/ros2_ws/install/rosflight_rqt_plugins:/opt/ros/humble /usr/bin/cmake --build /home/ninonick0426/Desktop/Quadcopter/Unreal_QuadSim/build/unreal_sim_config -- -j16 -l16
[0.613s] DEBUG:colcon.colcon_core.event_handler.log_command:Invoked command in '/home/ninonick0426/Desktop/Quadcopter/Unreal_QuadSim/build/unreal_sim_config' returned '0': CMAKE_PREFIX_PATH=${CMAKE_PREFIX_PATH}:/home/ninonick0426/ros2_ws/install/rosflight_rqt_plugins:/opt/ros/humble /usr/bin/cmake --build /home/ninonick0426/Desktop/Quadcopter/Unreal_QuadSim/build/unreal_sim_config -- -j16 -l16
[0.627s] DEBUG:colcon.colcon_core.event_handler.log_command:Invoking command in '/home/ninonick0426/Desktop/Quadcopter/Unreal_QuadSim/build/unreal_sim_config': CMAKE_PREFIX_PATH=${CMAKE_PREFIX_PATH}:/home/ninonick0426/ros2_ws/install/rosflight_rqt_plugins:/opt/ros/humble /usr/bin/cmake --install /home/ninonick0426/Desktop/Quadcopter/Unreal_QuadSim/build/unreal_sim_config
[0.644s] Level 1:colcon.colcon_core.environment:create_environment_scripts_only(unreal_sim_config)
[0.647s] DEBUG:colcon.colcon_core.event_handler.log_command:Invoked command in '/home/ninonick0426/Desktop/Quadcopter/Unreal_QuadSim/build/unreal_sim_config' returned '0': CMAKE_PREFIX_PATH=${CMAKE_PREFIX_PATH}:/home/ninonick0426/ros2_ws/install/rosflight_rqt_plugins:/opt/ros/humble /usr/bin/cmake --install /home/ninonick0426/Desktop/Quadcopter/Unreal_QuadSim/build/unreal_sim_config
[0.650s] Level 1:colcon.colcon_core.environment:checking '/home/ninonick0426/Desktop/Quadcopter/Unreal_QuadSim/install/unreal_sim_config' for CMake module files
[0.650s] Level 1:colcon.colcon_core.environment:checking '/home/ninonick0426/Desktop/Quadcopter/Unreal_QuadSim/install/unreal_sim_config' for CMake config files
[0.650s] Level 1:colcon.colcon_core.shell:create_environment_hook('unreal_sim_config', 'cmake_prefix_path')
[0.651s] INFO:colcon.colcon_core.shell:Creating environment hook '/home/ninonick0426/Desktop/Quadcopter/Unreal_QuadSim/install/unreal_sim_config/share/unreal_sim_config/hook/cmake_prefix_path.ps1'
[0.651s] INFO:colcon.colcon_core.shell:Creating environment descriptor '/home/ninonick0426/Desktop/Quadcopter/Unreal_QuadSim/install/unreal_sim_config/share/unreal_sim_config/hook/cmake_prefix_path.dsv'
[0.652s] INFO:colcon.colcon_core.shell:Creating environment hook '/home/ninonick0426/Desktop/Quadcopter/Unreal_QuadSim/install/unreal_sim_config/share/unreal_sim_config/hook/cmake_prefix_path.sh'
[0.654s] Level 1:colcon.colcon_core.environment:checking '/home/ninonick0426/Desktop/Quadcopter/Unreal_QuadSim/install/unreal_sim_config/lib'
[0.654s] Level 1:colcon.colcon_core.environment:checking '/home/ninonick0426/Desktop/Quadcopter/Unreal_QuadSim/install/unreal_sim_config/bin'
[0.654s] Level 1:colcon.colcon_core.environment:checking '/home/ninonick0426/Desktop/Quadcopter/Unreal_QuadSim/install/unreal_sim_config/lib/pkgconfig/unreal_sim_config.pc'
[0.655s] Level 1:colcon.colcon_core.environment:checking '/home/ninonick0426/Desktop/Quadcopter/Unreal_QuadSim/install/unreal_sim_config/lib/python3.10/site-packages'
[0.655s] Level 1:colcon.colcon_core.environment:checking '/home/ninonick0426/Desktop/Quadcopter/Unreal_QuadSim/install/unreal_sim_config/bin'
[0.656s] INFO:colcon.colcon_core.shell:Creating package script '/home/ninonick0426/Desktop/Quadcopter/Unreal_QuadSim/install/unreal_sim_config/share/unreal_sim_config/package.ps1'
[0.657s] INFO:colcon.colcon_core.shell:Creating package descriptor '/home/ninonick0426/Desktop/Quadcopter/Unreal_QuadSim/install/unreal_sim_config/share/unreal_sim_config/package.dsv'
[0.659s] INFO:colcon.colcon_core.shell:Creating package script '/home/ninonick0426/Desktop/Quadcopter/Unreal_QuadSim/install/unreal_sim_config/share/unreal_sim_config/package.sh'
[0.660s] INFO:colcon.colcon_core.shell:Creating package script '/home/ninonick0426/Desktop/Quadcopter/Unreal_QuadSim/install/unreal_sim_config/share/unreal_sim_config/package.bash'
[0.661s] INFO:colcon.colcon_core.shell:Creating package script '/home/ninonick0426/Desktop/Quadcopter/Unreal_QuadSim/install/unreal_sim_config/share/unreal_sim_config/package.zsh'
[0.662s] Level 1:colcon.colcon_core.environment:create_file_with_runtime_dependencies(/home/ninonick0426/Desktop/Quadcopter/Unreal_QuadSim/install/unreal_sim_config/share/colcon-core/packages/unreal_sim_config)
[0.663s] Level 1:colcon.colcon_core.environment:create_environment_scripts_only(unreal_sim_config)
[0.663s] Level 1:colcon.colcon_core.environment:checking '/home/ninonick0426/Desktop/Quadcopter/Unreal_QuadSim/install/unreal_sim_config' for CMake module files
[0.664s] Level 1:colcon.colcon_core.environment:checking '/home/ninonick0426/Desktop/Quadcopter/Unreal_QuadSim/install/unreal_sim_config' for CMake config files
[0.664s] Level 1:colcon.colcon_core.shell:create_environment_hook('unreal_sim_config', 'cmake_prefix_path')
[0.664s] INFO:colcon.colcon_core.shell:Creating environment hook '/home/ninonick0426/Desktop/Quadcopter/Unreal_QuadSim/install/unreal_sim_config/share/unreal_sim_config/hook/cmake_prefix_path.ps1'
[0.665s] INFO:colcon.colcon_core.shell:Creating environment descriptor '/home/ninonick0426/Desktop/Quadcopter/Unreal_QuadSim/install/unreal_sim_config/share/unreal_sim_config/hook/cmake_prefix_path.dsv'
[0.665s] INFO:colcon.colcon_core.shell:Creating environment hook '/home/ninonick0426/Desktop/Quadcopter/Unreal_QuadSim/install/unreal_sim_config/share/unreal_sim_config/hook/cmake_prefix_path.sh'
[0.666s] Level 1:colcon.colcon_core.environment:checking '/home/ninonick0426/Desktop/Quadcopter/Unreal_QuadSim/install/unreal_sim_config/lib'
[0.666s] Level 1:colcon.colcon_core.environment:checking '/home/ninonick0426/Desktop/Quadcopter/Unreal_QuadSim/install/unreal_sim_config/bin'
[0.666s] Level 1:colcon.colcon_core.environment:checking '/home/ninonick0426/Desktop/Quadcopter/Unreal_QuadSim/install/unreal_sim_config/lib/pkgconfig/unreal_sim_config.pc'
[0.667s] Level 1:colcon.colcon_core.environment:checking '/home/ninonick0426/Desktop/Quadcopter/Unreal_QuadSim/install/unreal_sim_config/lib/python3.10/site-packages'
[0.667s] Level 1:colcon.colcon_core.environment:checking '/home/ninonick0426/Desktop/Quadcopter/Unreal_QuadSim/install/unreal_sim_config/bin'
[0.667s] INFO:colcon.colcon_core.shell:Creating package script '/home/ninonick0426/Desktop/Quadcopter/Unreal_QuadSim/install/unreal_sim_config/share/unreal_sim_config/package.ps1'
[0.668s] INFO:colcon.colcon_core.shell:Creating package descriptor '/home/ninonick0426/Desktop/Quadcopter/Unreal_QuadSim/install/unreal_sim_config/share/unreal_sim_config/package.dsv'
[0.668s] INFO:colcon.colcon_core.shell:Creating package script '/home/ninonick0426/Desktop/Quadcopter/Unreal_QuadSim/install/unreal_sim_config/share/unreal_sim_config/package.sh'
[0.669s] INFO:colcon.colcon_core.shell:Creating package script '/home/ninonick0426/Desktop/Quadcopter/Unreal_QuadSim/install/unreal_sim_config/share/unreal_sim_config/package.bash'
[0.669s] INFO:colcon.colcon_core.shell:Creating package script '/home/ninonick0426/Desktop/Quadcopter/Unreal_QuadSim/install/unreal_sim_config/share/unreal_sim_config/package.zsh'
[0.670s] Level 1:colcon.colcon_core.environment:create_file_with_runtime_dependencies(/home/ninonick0426/Desktop/Quadcopter/Unreal_QuadSim/install/unreal_sim_config/share/colcon-core/packages/unreal_sim_config)
[0.670s] DEBUG:colcon.colcon_parallel_executor.executor.parallel:closing loop
[0.670s] DEBUG:colcon.colcon_parallel_executor.executor.parallel:loop closed
[0.670s] DEBUG:colcon.colcon_parallel_executor.executor.parallel:run_until_complete finished with '0'
[0.671s] DEBUG:colcon.colcon_core.event_reactor:joining thread
[0.680s] INFO:colcon.colcon_core.plugin_system:Skipping extension 'colcon_notification.desktop_notification.terminal_notifier': Not used on non-Darwin systems
[0.680s] INFO:colcon.colcon_core.plugin_system:Skipping extension 'colcon_notification.desktop_notification.win32': Not used on non-Windows systems
[0.680s] INFO:colcon.colcon_notification.desktop_notification:Sending desktop notification using 'notify2'
[0.696s] DEBUG:colcon.colcon_core.event_reactor:joined thread
[0.696s] INFO:colcon.colcon_core.shell:Creating prefix script '/home/ninonick0426/Desktop/Quadcopter/Unreal_QuadSim/install/local_setup.ps1'
[0.698s] INFO:colcon.colcon_core.shell:Creating prefix util module '/home/ninonick0426/Desktop/Quadcopter/Unreal_QuadSim/install/_local_setup_util_ps1.py'
[0.701s] INFO:colcon.colcon_core.shell:Creating prefix chain script '/home/ninonick0426/Desktop/Quadcopter/Unreal_QuadSim/install/setup.ps1'
[0.703s] INFO:colcon.colcon_core.shell:Creating prefix script '/home/ninonick0426/Desktop/Quadcopter/Unreal_QuadSim/install/local_setup.sh'
[0.704s] INFO:colcon.colcon_core.shell:Creating prefix util module '/home/ninonick0426/Desktop/Quadcopter/Unreal_QuadSim/install/_local_setup_util_sh.py'
[0.705s] INFO:colcon.colcon_core.shell:Creating prefix chain script '/home/ninonick0426/Desktop/Quadcopter/Unreal_QuadSim/install/setup.sh'
[0.708s] INFO:colcon.colcon_core.shell:Creating prefix script '/home/ninonick0426/Desktop/Quadcopter/Unreal_QuadSim/install/local_setup.bash'
[0.708s] INFO:colcon.colcon_core.shell:Creating prefix chain script '/home/ninonick0426/Desktop/Quadcopter/Unreal_QuadSim/install/setup.bash'
[0.710s] INFO:colcon.colcon_core.shell:Creating prefix script '/home/ninonick0426/Desktop/Quadcopter/Unreal_QuadSim/install/local_setup.zsh'
[0.710s] INFO:colcon.colcon_core.shell:Creating prefix chain script '/home/ninonick0426/Desktop/Quadcopter/Unreal_QuadSim/install/setup.zsh'
